<?xml version="1.0" encoding="UTF-8"?>
<robot generator="Robot 5.0.1 (Python 3.10.5 on win32)" generated="20220713 18:23:12.328" rpa="false" schemaversion="3">
<suite id="s1" name="CM 001" source="C:\Users\abhishek.jayalal\Desktop\Wakanda\20-06-2022\wkd_auto-20-06-2022\TestCases\CM_001.robot">
<test id="s1-t1" name="TEST CASE 001" line="39">
<kw name="Execute Suite Setup as User" library="Common" type="SETUP">
<doc>Open Browser on Test or preproduction environment</doc>
<kw name="Open Browser" library="SeleniumLibrary">
<arg>${URL}</arg>
<arg>${Broswer}</arg>
<arg>${TestData}[Browser]</arg>
<arg>options=add_argument("--ignore-certificate-errors")</arg>
<doc>Opens a new browser instance to the optional ``url``.</doc>
<msg timestamp="20220713 18:23:13.818" level="INFO">Opening browser 'chrome' to base url 'https://keycloak.impl.10.0.14.241.nip.io/auth/realms/Safaricom/account/applications'.</msg>
<status status="PASS" starttime="20220713 18:23:13.818" endtime="20220713 18:23:16.344"/>
</kw>
<kw name="Maximize Browser Window" library="SeleniumLibrary">
<doc>Maximizes current browser window.</doc>
<status status="PASS" starttime="20220713 18:23:16.344" endtime="20220713 18:23:16.470"/>
</kw>
<status status="PASS" starttime="20220713 18:23:13.818" endtime="20220713 18:23:16.470"/>
</kw>
<kw name="Login to SSO UI" library="SSO_Login_Keyword">
<arg>${CRM_CREDENTIAL}[username]</arg>
<arg>${CRM_CREDENTIAL}[password]</arg>
<kw name="Wait Until Keyword Succeeds" library="BuiltIn">
<arg>${TimeOut}</arg>
<arg>${Start}</arg>
<arg>click element</arg>
<arg>${LoginPage}[UserName]</arg>
<doc>Runs the specified keyword and retries if it fails.</doc>
<kw name="Click Element" library="SeleniumLibrary">
<arg>${LoginPage}[UserName]</arg>
<doc>Click the element identified by ``locator``.</doc>
<msg timestamp="20220713 18:23:16.472" level="INFO">Clicking element '//input[@name='username']'.</msg>
<status status="PASS" starttime="20220713 18:23:16.472" endtime="20220713 18:23:16.526"/>
</kw>
<status status="PASS" starttime="20220713 18:23:16.471" endtime="20220713 18:23:16.526"/>
</kw>
<kw name="Wait Until Keyword Succeeds" library="BuiltIn">
<arg>${TimeOut}</arg>
<arg>${Start}</arg>
<arg>input text</arg>
<arg>${LoginPage}[UserName]</arg>
<arg>${user}</arg>
<doc>Runs the specified keyword and retries if it fails.</doc>
<kw name="Input Text" library="SeleniumLibrary">
<arg>${LoginPage}[UserName]</arg>
<arg>${user}</arg>
<doc>Types the given ``text`` into the text field identified by ``locator``.</doc>
<msg timestamp="20220713 18:23:16.527" level="INFO">Typing text 'crmtest@6d.co.in' into text field '//input[@name='username']'.</msg>
<status status="PASS" starttime="20220713 18:23:16.526" endtime="20220713 18:23:16.611"/>
</kw>
<status status="PASS" starttime="20220713 18:23:16.526" endtime="20220713 18:23:16.611"/>
</kw>
<kw name="Click Element" library="SeleniumLibrary">
<arg>${LoginPage}[Password]</arg>
<doc>Click the element identified by ``locator``.</doc>
<msg timestamp="20220713 18:23:16.611" level="INFO">Clicking element '//input[@name='password']'.</msg>
<status status="PASS" starttime="20220713 18:23:16.611" endtime="20220713 18:23:16.656"/>
</kw>
<kw name="Input Text" library="SeleniumLibrary">
<arg>${LoginPage}[Password]</arg>
<arg>${pass}</arg>
<doc>Types the given ``text`` into the text field identified by ``locator``.</doc>
<msg timestamp="20220713 18:23:16.657" level="INFO">Typing text '6D@admin' into text field '//input[@name='password']'.</msg>
<status status="PASS" starttime="20220713 18:23:16.657" endtime="20220713 18:23:16.712"/>
</kw>
<kw name="Click Element" library="SeleniumLibrary">
<arg>${LoginPage}[Loginbtn]</arg>
<doc>Click the element identified by ``locator``.</doc>
<msg timestamp="20220713 18:23:16.712" level="INFO">Clicking element '//*[@id='kc-login']'.</msg>
<status status="PASS" starttime="20220713 18:23:16.712" endtime="20220713 18:23:18.440"/>
</kw>
<kw name="Sleep" library="BuiltIn">
<arg>10s</arg>
<doc>Pauses the test executed for the given time.</doc>
<msg timestamp="20220713 18:23:28.449" level="INFO">Slept 10 seconds</msg>
<status status="PASS" starttime="20220713 18:23:18.440" endtime="20220713 18:23:28.450"/>
</kw>
<status status="PASS" starttime="20220713 18:23:16.471" endtime="20220713 18:23:28.450"/>
</kw>
<kw name="NAVIGATE SSO UI" library="SSO_Login_Keyword">
<arg>${CRM_UI}</arg>
<kw name="Wait Until Keyword Succeeds" library="BuiltIn">
<arg>${TimeOut}</arg>
<arg>${Start}</arg>
<arg>click element</arg>
<arg>${ui}</arg>
<doc>Runs the specified keyword and retries if it fails.</doc>
<kw name="Click Element" library="SeleniumLibrary">
<arg>${ui}</arg>
<doc>Click the element identified by ``locator``.</doc>
<msg timestamp="20220713 18:23:28.453" level="INFO">Clicking element '//div[@class='db-product-card'][2]'.</msg>
<status status="PASS" starttime="20220713 18:23:28.453" endtime="20220713 18:23:28.539"/>
</kw>
<status status="PASS" starttime="20220713 18:23:28.452" endtime="20220713 18:23:28.539"/>
</kw>
<kw name="Sleep" library="BuiltIn">
<arg>10s</arg>
<doc>Pauses the test executed for the given time.</doc>
<msg timestamp="20220713 18:23:38.553" level="INFO">Slept 10 seconds</msg>
<status status="PASS" starttime="20220713 18:23:28.540" endtime="20220713 18:23:38.553"/>
</kw>
<kw name="Switch Window" library="SeleniumLibrary">
<arg>new</arg>
<doc>Switches to browser window matching ``locator``.</doc>
<status status="PASS" starttime="20220713 18:23:38.553" endtime="20220713 18:23:38.561"/>
</kw>
<kw name="Sleep" library="BuiltIn">
<arg>5s</arg>
<doc>Pauses the test executed for the given time.</doc>
<msg timestamp="20220713 18:23:43.562" level="INFO">Slept 5 seconds</msg>
<status status="PASS" starttime="20220713 18:23:38.561" endtime="20220713 18:23:43.562"/>
</kw>
<status status="PASS" starttime="20220713 18:23:28.451" endtime="20220713 18:23:43.563"/>
</kw>
<kw name="Manage Profile Residential Address two" library="CRM_UI_Keywords">
<arg>TC_001</arg>
<arg>TD_04</arg>
<doc>To edit Profile level recidential address</doc>
<kw name="Fetch From Excel" library="Read_TestData_Keyword">
<var>${data}</var>
<arg>${WKD_CRM_TESTDATA}</arg>
<arg>PROFILE_ADDRESS</arg>
<arg>${caseID}</arg>
<arg>${dataID}</arg>
<kw name="Fetch From ExcelData" library="ReadDataFromExcel">
<var>${celldata}</var>
<arg>${filename}</arg>
<arg>${sheetname}</arg>
<arg>${TestCaseID}</arg>
<arg>${TestDataID}</arg>
<msg timestamp="20220713 18:23:43.634" level="INFO">${celldata} =            DUPLICATE_ENTRY TestCaseId TestDataId                   Action_Type  PROFIE_ID  ... PO_CODE  PO_BOX LATITUDE LONGITUDE COMMENT
TestDataId                                                    ...</msg>
<status status="PASS" starttime="20220713 18:23:43.568" endtime="20220713 18:23:43.634"/>
</kw>
<msg timestamp="20220713 18:23:43.648" level="INFO">${data} =            DUPLICATE_ENTRY TestCaseId TestDataId                   Action_Type  PROFIE_ID  ... PO_CODE  PO_BOX LATITUDE LONGITUDE COMMENT
TestDataId                                                    ...</msg>
<status status="PASS" starttime="20220713 18:23:43.566" endtime="20220713 18:23:43.648"/>
</kw>
<kw name="Get Data" library="ReadDataFromExcel">
<var>${PROFIE_ID}</var>
<arg>${data}</arg>
<arg>PROFIE_ID</arg>
<msg timestamp="20220713 18:23:43.650" level="INFO">${PROFIE_ID} = 29032</msg>
<status status="PASS" starttime="20220713 18:23:43.648" endtime="20220713 18:23:43.650"/>
</kw>
<kw name="Get Data" library="ReadDataFromExcel">
<var>${REGION}</var>
<arg>${data}</arg>
<arg>REGION</arg>
<msg timestamp="20220713 18:23:43.651" level="INFO">${REGION} = Afar</msg>
<status status="PASS" starttime="20220713 18:23:43.650" endtime="20220713 18:23:43.651"/>
</kw>
<kw name="Get Data" library="ReadDataFromExcel">
<var>${ZONE}</var>
<arg>${data}</arg>
<arg>ZONE</arg>
<msg timestamp="20220713 18:23:43.651" level="INFO">${ZONE} = Awsi/Zone 1</msg>
<status status="PASS" starttime="20220713 18:23:43.651" endtime="20220713 18:23:43.651"/>
</kw>
<kw name="Get Data" library="ReadDataFromExcel">
<var>${WOREDA}</var>
<arg>${data}</arg>
<arg>WOREDA</arg>
<msg timestamp="20220713 18:23:43.652" level="INFO">${WOREDA} = Woreda2</msg>
<status status="PASS" starttime="20220713 18:23:43.652" endtime="20220713 18:23:43.652"/>
</kw>
<kw name="Get Data" library="ReadDataFromExcel">
<var>${Union}</var>
<arg>${data}</arg>
<arg>UNION</arg>
<msg timestamp="20220713 18:23:43.653" level="INFO">${Union} = Kebele12222</msg>
<status status="PASS" starttime="20220713 18:23:43.653" endtime="20220713 18:23:43.653"/>
</kw>
<kw name="Get Data" library="ReadDataFromExcel">
<var>${HomeNo}</var>
<arg>${data}</arg>
<arg>HOME_NO</arg>
<msg timestamp="20220713 18:23:43.654" level="INFO">${HomeNo} = Houseno2222</msg>
<status status="PASS" starttime="20220713 18:23:43.653" endtime="20220713 18:23:43.654"/>
</kw>
<kw name="Get Data" library="ReadDataFromExcel">
<var>${StreetNo}</var>
<arg>${data}</arg>
<arg>STREET_NO</arg>
<msg timestamp="20220713 18:23:43.655" level="INFO">${StreetNo} = 20000STREET</msg>
<status status="PASS" starttime="20220713 18:23:43.654" endtime="20220713 18:23:43.655"/>
</kw>
<kw name="Get Data" library="ReadDataFromExcel">
<var>${POCode}</var>
<arg>${data}</arg>
<arg>PO_CODE</arg>
<msg timestamp="20220713 18:23:43.656" level="INFO">${POCode} = 2222</msg>
<status status="PASS" starttime="20220713 18:23:43.655" endtime="20220713 18:23:43.656"/>
</kw>
<kw name="Get Data" library="ReadDataFromExcel">
<var>${POBox}</var>
<arg>${data}</arg>
<arg>PO_BOX</arg>
<msg timestamp="20220713 18:23:43.658" level="INFO">${POBox} = 2222</msg>
<status status="PASS" starttime="20220713 18:23:43.656" endtime="20220713 18:23:43.658"/>
</kw>
<kw name="Get Data" library="ReadDataFromExcel">
<var>${Latitude}</var>
<arg>${data}</arg>
<arg>LATITUDE</arg>
<msg timestamp="20220713 18:23:43.659" level="INFO">${Latitude} = 22</msg>
<status status="PASS" starttime="20220713 18:23:43.658" endtime="20220713 18:23:43.659"/>
</kw>
<kw name="Get Data" library="ReadDataFromExcel">
<var>${Longitude}</var>
<arg>${data}</arg>
<arg>LONGITUDE</arg>
<msg timestamp="20220713 18:23:43.660" level="INFO">${Longitude} = 22</msg>
<status status="PASS" starttime="20220713 18:23:43.659" endtime="20220713 18:23:43.660"/>
</kw>
<kw name="Get Data" library="ReadDataFromExcel">
<var>${Comment}</var>
<arg>${data}</arg>
<arg>COMMENT</arg>
<msg timestamp="20220713 18:23:43.661" level="INFO">${Comment} = Edit22</msg>
<status status="PASS" starttime="20220713 18:23:43.660" endtime="20220713 18:23:43.661"/>
</kw>
<kw name="Search By ID" library="Common">
<arg>${HomePage}[HomeSeachOptionProfileId]</arg>
<arg>${PROFIE_ID}</arg>
<kw name="Click Item" library="Common">
<arg>${option}</arg>
<kw name="Verify elements is visible and displayed" library="Common">
<arg>${locator}</arg>
<doc>Keyword to verify locator is enabled and visibled on a page.</doc>
<kw name="Wait Until Element Is Enabled" library="SeleniumLibrary">
<arg>${locator}</arg>
<arg>timeout=60</arg>
<doc>Waits until the element ``locator`` is enabled.</doc>
<status status="PASS" starttime="20220713 18:23:43.662" endtime="20220713 18:23:43.703"/>
</kw>
<kw name="Wait Until Element Is Visible" library="SeleniumLibrary">
<arg>${locator}</arg>
<arg>timeout=60</arg>
<doc>Waits until the element ``locator`` is visible.</doc>
<status status="PASS" starttime="20220713 18:23:43.704" endtime="20220713 18:23:43.723"/>
</kw>
<kw name="Page Should Contain Element" library="SeleniumLibrary">
<arg>${locator}</arg>
<arg>timeout=60</arg>
<doc>Verifies that element ``locator`` is found on the current page.</doc>
<msg timestamp="20220713 18:23:43.730" level="INFO">Current page contains element '//option[@value='profileId']'.</msg>
<status status="PASS" starttime="20220713 18:23:43.723" endtime="20220713 18:23:43.730"/>
</kw>
<kw name="Wait Until Keyword Succeeds" library="BuiltIn">
<arg>${TimeOut}</arg>
<arg>${Start}</arg>
<arg>wait until page contains element</arg>
<arg>${locator}</arg>
<doc>Runs the specified keyword and retries if it fails.</doc>
<kw name="Wait Until Page Contains Element" library="SeleniumLibrary">
<arg>${locator}</arg>
<doc>Waits until the element ``locator`` appears on the current page.</doc>
<status status="PASS" starttime="20220713 18:23:43.731" endtime="20220713 18:23:43.737"/>
</kw>
<status status="PASS" starttime="20220713 18:23:43.730" endtime="20220713 18:23:43.737"/>
</kw>
<status status="PASS" starttime="20220713 18:23:43.661" endtime="20220713 18:23:43.737"/>
</kw>
<kw name="Wait Until Keyword Succeeds" library="BuiltIn">
<arg>${TimeOut}</arg>
<arg>${Start}</arg>
<arg>click element</arg>
<arg>${locator}</arg>
<doc>Runs the specified keyword and retries if it fails.</doc>
<kw name="Click Element" library="SeleniumLibrary">
<arg>${locator}</arg>
<doc>Click the element identified by ``locator``.</doc>
<msg timestamp="20220713 18:23:43.738" level="INFO">Clicking element '//option[@value='profileId']'.</msg>
<status status="PASS" starttime="20220713 18:23:43.738" endtime="20220713 18:23:43.795"/>
</kw>
<status status="PASS" starttime="20220713 18:23:43.738" endtime="20220713 18:23:43.795"/>
</kw>
<status status="PASS" starttime="20220713 18:23:43.661" endtime="20220713 18:23:43.796"/>
</kw>
<kw name="Set Input" library="Common">
<arg>${HomePage}[HomeSearchBar]</arg>
<arg>${id}</arg>
<kw name="Click Item" library="Common">
<arg>${locator}</arg>
<kw name="Verify elements is visible and displayed" library="Common">
<arg>${locator}</arg>
<doc>Keyword to verify locator is enabled and visibled on a page.</doc>
<kw name="Wait Until Element Is Enabled" library="SeleniumLibrary">
<arg>${locator}</arg>
<arg>timeout=60</arg>
<doc>Waits until the element ``locator`` is enabled.</doc>
<status status="PASS" starttime="20220713 18:23:43.797" endtime="20220713 18:23:43.828"/>
</kw>
<kw name="Wait Until Element Is Visible" library="SeleniumLibrary">
<arg>${locator}</arg>
<arg>timeout=60</arg>
<doc>Waits until the element ``locator`` is visible.</doc>
<status status="PASS" starttime="20220713 18:23:43.829" endtime="20220713 18:23:43.846"/>
</kw>
<kw name="Page Should Contain Element" library="SeleniumLibrary">
<arg>${locator}</arg>
<arg>timeout=60</arg>
<doc>Verifies that element ``locator`` is found on the current page.</doc>
<msg timestamp="20220713 18:23:43.853" level="INFO">Current page contains element '//input[@class='MuiInputBase-input']'.</msg>
<status status="PASS" starttime="20220713 18:23:43.846" endtime="20220713 18:23:43.854"/>
</kw>
<kw name="Wait Until Keyword Succeeds" library="BuiltIn">
<arg>${TimeOut}</arg>
<arg>${Start}</arg>
<arg>wait until page contains element</arg>
<arg>${locator}</arg>
<doc>Runs the specified keyword and retries if it fails.</doc>
<kw name="Wait Until Page Contains Element" library="SeleniumLibrary">
<arg>${locator}</arg>
<doc>Waits until the element ``locator`` appears on the current page.</doc>
<status status="PASS" starttime="20220713 18:23:43.854" endtime="20220713 18:23:43.860"/>
</kw>
<status status="PASS" starttime="20220713 18:23:43.854" endtime="20220713 18:23:43.860"/>
</kw>
<status status="PASS" starttime="20220713 18:23:43.797" endtime="20220713 18:23:43.861"/>
</kw>
<kw name="Wait Until Keyword Succeeds" library="BuiltIn">
<arg>${TimeOut}</arg>
<arg>${Start}</arg>
<arg>click element</arg>
<arg>${locator}</arg>
<doc>Runs the specified keyword and retries if it fails.</doc>
<kw name="Click Element" library="SeleniumLibrary">
<arg>${locator}</arg>
<doc>Click the element identified by ``locator``.</doc>
<msg timestamp="20220713 18:23:43.862" level="INFO">Clicking element '//input[@class='MuiInputBase-input']'.</msg>
<status status="PASS" starttime="20220713 18:23:43.861" endtime="20220713 18:23:43.917"/>
</kw>
<status status="PASS" starttime="20220713 18:23:43.861" endtime="20220713 18:23:43.917"/>
</kw>
<status status="PASS" starttime="20220713 18:23:43.796" endtime="20220713 18:23:43.917"/>
</kw>
<kw name="Run Keyword If" library="BuiltIn">
<arg>'${value}' == 'nan'</arg>
<arg>Log To Console</arg>
<arg>NANACONDITION</arg>
<arg>ELSE IF</arg>
<arg>'${value}' == 'BLANK'</arg>
<arg>Wait Until Keyword Succeeds</arg>
<arg>${TimeOut}</arg>
<arg>${Start}</arg>
<arg>input text</arg>
<arg>${locator}</arg>
<arg>\</arg>
<arg>ELSE</arg>
<arg>Wait Until Keyword Succeeds</arg>
<arg>${TimeOut}</arg>
<arg>${Start}</arg>
<arg>input text</arg>
<arg>${locator}</arg>
<arg>${value}</arg>
<doc>Runs the given keyword with the given arguments, if ``condition`` is true.</doc>
<kw name="Wait Until Keyword Succeeds" library="BuiltIn">
<arg>${TimeOut}</arg>
<arg>${Start}</arg>
<arg>input text</arg>
<arg>${locator}</arg>
<arg>${value}</arg>
<doc>Runs the specified keyword and retries if it fails.</doc>
<kw name="Input Text" library="SeleniumLibrary">
<arg>${locator}</arg>
<arg>${value}</arg>
<doc>Types the given ``text`` into the text field identified by ``locator``.</doc>
<msg timestamp="20220713 18:23:43.920" level="INFO">Typing text '29032' into text field '//input[@class='MuiInputBase-input']'.</msg>
<status status="PASS" starttime="20220713 18:23:43.919" endtime="20220713 18:23:43.997"/>
</kw>
<status status="PASS" starttime="20220713 18:23:43.918" endtime="20220713 18:23:43.997"/>
</kw>
<status status="PASS" starttime="20220713 18:23:43.917" endtime="20220713 18:23:43.997"/>
</kw>
<status status="PASS" starttime="20220713 18:23:43.796" endtime="20220713 18:23:43.997"/>
</kw>
<kw name="Click Item" library="Common">
<arg>${HomePage}[HomeSearchButton]</arg>
<kw name="Verify elements is visible and displayed" library="Common">
<arg>${locator}</arg>
<doc>Keyword to verify locator is enabled and visibled on a page.</doc>
<kw name="Wait Until Element Is Enabled" library="SeleniumLibrary">
<arg>${locator}</arg>
<arg>timeout=60</arg>
<doc>Waits until the element ``locator`` is enabled.</doc>
<status status="PASS" starttime="20220713 18:23:43.999" endtime="20220713 18:23:44.027"/>
</kw>
<kw name="Wait Until Element Is Visible" library="SeleniumLibrary">
<arg>${locator}</arg>
<arg>timeout=60</arg>
<doc>Waits until the element ``locator`` is visible.</doc>
<status status="PASS" starttime="20220713 18:23:44.027" endtime="20220713 18:23:44.044"/>
</kw>
<kw name="Page Should Contain Element" library="SeleniumLibrary">
<arg>${locator}</arg>
<arg>timeout=60</arg>
<doc>Verifies that element ``locator`` is found on the current page.</doc>
<msg timestamp="20220713 18:23:44.051" level="INFO">Current page contains element '//span[@class='MuiIconButton-label']'.</msg>
<status status="PASS" starttime="20220713 18:23:44.044" endtime="20220713 18:23:44.051"/>
</kw>
<kw name="Wait Until Keyword Succeeds" library="BuiltIn">
<arg>${TimeOut}</arg>
<arg>${Start}</arg>
<arg>wait until page contains element</arg>
<arg>${locator}</arg>
<doc>Runs the specified keyword and retries if it fails.</doc>
<kw name="Wait Until Page Contains Element" library="SeleniumLibrary">
<arg>${locator}</arg>
<doc>Waits until the element ``locator`` appears on the current page.</doc>
<status status="PASS" starttime="20220713 18:23:44.052" endtime="20220713 18:23:44.058"/>
</kw>
<status status="PASS" starttime="20220713 18:23:44.051" endtime="20220713 18:23:44.058"/>
</kw>
<status status="PASS" starttime="20220713 18:23:43.998" endtime="20220713 18:23:44.058"/>
</kw>
<kw name="Wait Until Keyword Succeeds" library="BuiltIn">
<arg>${TimeOut}</arg>
<arg>${Start}</arg>
<arg>click element</arg>
<arg>${locator}</arg>
<doc>Runs the specified keyword and retries if it fails.</doc>
<kw name="Click Element" library="SeleniumLibrary">
<arg>${locator}</arg>
<doc>Click the element identified by ``locator``.</doc>
<msg timestamp="20220713 18:23:44.059" level="INFO">Clicking element '//span[@class='MuiIconButton-label']'.</msg>
<status status="PASS" starttime="20220713 18:23:44.059" endtime="20220713 18:23:44.191"/>
</kw>
<status status="PASS" starttime="20220713 18:23:44.058" endtime="20220713 18:23:44.191"/>
</kw>
<status status="PASS" starttime="20220713 18:23:43.998" endtime="20220713 18:23:44.191"/>
</kw>
<status status="PASS" starttime="20220713 18:23:43.661" endtime="20220713 18:23:44.192"/>
</kw>
<kw name="Click Item" library="Common">
<arg>${ProfileDetailsPage}[ManageProfile]</arg>
<kw name="Verify elements is visible and displayed" library="Common">
<arg>${locator}</arg>
<doc>Keyword to verify locator is enabled and visibled on a page.</doc>
<kw name="Wait Until Element Is Enabled" library="SeleniumLibrary">
<arg>${locator}</arg>
<arg>timeout=60</arg>
<doc>Waits until the element ``locator`` is enabled.</doc>
<status status="PASS" starttime="20220713 18:23:44.192" endtime="20220713 18:23:46.573"/>
</kw>
<kw name="Wait Until Element Is Visible" library="SeleniumLibrary">
<arg>${locator}</arg>
<arg>timeout=60</arg>
<doc>Waits until the element ``locator`` is visible.</doc>
<status status="PASS" starttime="20220713 18:23:46.574" endtime="20220713 18:23:46.600"/>
</kw>
<kw name="Page Should Contain Element" library="SeleniumLibrary">
<arg>${locator}</arg>
<arg>timeout=60</arg>
<doc>Verifies that element ``locator`` is found on the current page.</doc>
<msg timestamp="20220713 18:23:46.612" level="INFO">Current page contains element '//div[text()='Profile']'.</msg>
<status status="PASS" starttime="20220713 18:23:46.600" endtime="20220713 18:23:46.612"/>
</kw>
<kw name="Wait Until Keyword Succeeds" library="BuiltIn">
<arg>${TimeOut}</arg>
<arg>${Start}</arg>
<arg>wait until page contains element</arg>
<arg>${locator}</arg>
<doc>Runs the specified keyword and retries if it fails.</doc>
<kw name="Wait Until Page Contains Element" library="SeleniumLibrary">
<arg>${locator}</arg>
<doc>Waits until the element ``locator`` appears on the current page.</doc>
<status status="PASS" starttime="20220713 18:23:46.613" endtime="20220713 18:23:46.626"/>
</kw>
<status status="PASS" starttime="20220713 18:23:46.612" endtime="20220713 18:23:46.626"/>
</kw>
<status status="PASS" starttime="20220713 18:23:44.192" endtime="20220713 18:23:46.626"/>
</kw>
<kw name="Wait Until Keyword Succeeds" library="BuiltIn">
<arg>${TimeOut}</arg>
<arg>${Start}</arg>
<arg>click element</arg>
<arg>${locator}</arg>
<doc>Runs the specified keyword and retries if it fails.</doc>
<kw name="Click Element" library="SeleniumLibrary">
<arg>${locator}</arg>
<doc>Click the element identified by ``locator``.</doc>
<msg timestamp="20220713 18:23:46.627" level="INFO">Clicking element '//div[text()='Profile']'.</msg>
<status status="PASS" starttime="20220713 18:23:46.627" endtime="20220713 18:23:47.257"/>
</kw>
<status status="PASS" starttime="20220713 18:23:46.626" endtime="20220713 18:23:47.257"/>
</kw>
<status status="PASS" starttime="20220713 18:23:44.192" endtime="20220713 18:23:47.257"/>
</kw>
<kw name="Click Item" library="Common">
<arg>${ProfileDetailsPage}[ManageProfileAddress]</arg>
<kw name="Verify elements is visible and displayed" library="Common">
<arg>${locator}</arg>
<doc>Keyword to verify locator is enabled and visibled on a page.</doc>
<kw name="Wait Until Element Is Enabled" library="SeleniumLibrary">
<arg>${locator}</arg>
<arg>timeout=60</arg>
<doc>Waits until the element ``locator`` is enabled.</doc>
<status status="PASS" starttime="20220713 18:23:47.259" endtime="20220713 18:23:47.307"/>
</kw>
<kw name="Wait Until Element Is Visible" library="SeleniumLibrary">
<arg>${locator}</arg>
<arg>timeout=60</arg>
<doc>Waits until the element ``locator`` is visible.</doc>
<status status="PASS" starttime="20220713 18:23:47.307" endtime="20220713 18:23:47.561"/>
</kw>
<kw name="Page Should Contain Element" library="SeleniumLibrary">
<arg>${locator}</arg>
<arg>timeout=60</arg>
<doc>Verifies that element ``locator`` is found on the current page.</doc>
<msg timestamp="20220713 18:23:47.573" level="INFO">Current page contains element '//a[normalize-space()='Address Details']'.</msg>
<status status="PASS" starttime="20220713 18:23:47.562" endtime="20220713 18:23:47.573"/>
</kw>
<kw name="Wait Until Keyword Succeeds" library="BuiltIn">
<arg>${TimeOut}</arg>
<arg>${Start}</arg>
<arg>wait until page contains element</arg>
<arg>${locator}</arg>
<doc>Runs the specified keyword and retries if it fails.</doc>
<kw name="Wait Until Page Contains Element" library="SeleniumLibrary">
<arg>${locator}</arg>
<doc>Waits until the element ``locator`` appears on the current page.</doc>
<status status="PASS" starttime="20220713 18:23:47.574" endtime="20220713 18:23:47.586"/>
</kw>
<status status="PASS" starttime="20220713 18:23:47.573" endtime="20220713 18:23:47.586"/>
</kw>
<status status="PASS" starttime="20220713 18:23:47.258" endtime="20220713 18:23:47.586"/>
</kw>
<kw name="Wait Until Keyword Succeeds" library="BuiltIn">
<arg>${TimeOut}</arg>
<arg>${Start}</arg>
<arg>click element</arg>
<arg>${locator}</arg>
<doc>Runs the specified keyword and retries if it fails.</doc>
<kw name="Click Element" library="SeleniumLibrary">
<arg>${locator}</arg>
<doc>Click the element identified by ``locator``.</doc>
<msg timestamp="20220713 18:23:47.587" level="INFO">Clicking element '//a[normalize-space()='Address Details']'.</msg>
<status status="PASS" starttime="20220713 18:23:47.587" endtime="20220713 18:23:47.647"/>
</kw>
<status status="PASS" starttime="20220713 18:23:47.587" endtime="20220713 18:23:47.647"/>
</kw>
<status status="PASS" starttime="20220713 18:23:47.258" endtime="20220713 18:23:47.648"/>
</kw>
<kw name="Click Item" library="Common">
<arg>${ProfileDetailsPage}[ResidentialAddressEdit]</arg>
<kw name="Verify elements is visible and displayed" library="Common">
<arg>${locator}</arg>
<doc>Keyword to verify locator is enabled and visibled on a page.</doc>
<kw name="Wait Until Element Is Enabled" library="SeleniumLibrary">
<arg>${locator}</arg>
<arg>timeout=60</arg>
<doc>Waits until the element ``locator`` is enabled.</doc>
<status status="PASS" starttime="20220713 18:23:47.650" endtime="20220713 18:23:48.139"/>
</kw>
<kw name="Wait Until Element Is Visible" library="SeleniumLibrary">
<arg>${locator}</arg>
<arg>timeout=60</arg>
<doc>Waits until the element ``locator`` is visible.</doc>
<status status="PASS" starttime="20220713 18:23:48.139" endtime="20220713 18:23:48.161"/>
</kw>
<kw name="Page Should Contain Element" library="SeleniumLibrary">
<arg>${locator}</arg>
<arg>timeout=60</arg>
<doc>Verifies that element ``locator`` is found on the current page.</doc>
<msg timestamp="20220713 18:23:48.173" level="INFO">Current page contains element '(//button[@class='sc-bczRLJ BhUtc'])[2]'.</msg>
<status status="PASS" starttime="20220713 18:23:48.161" endtime="20220713 18:23:48.173"/>
</kw>
<kw name="Wait Until Keyword Succeeds" library="BuiltIn">
<arg>${TimeOut}</arg>
<arg>${Start}</arg>
<arg>wait until page contains element</arg>
<arg>${locator}</arg>
<doc>Runs the specified keyword and retries if it fails.</doc>
<kw name="Wait Until Page Contains Element" library="SeleniumLibrary">
<arg>${locator}</arg>
<doc>Waits until the element ``locator`` appears on the current page.</doc>
<status status="PASS" starttime="20220713 18:23:48.173" endtime="20220713 18:23:48.180"/>
</kw>
<status status="PASS" starttime="20220713 18:23:48.173" endtime="20220713 18:23:48.180"/>
</kw>
<status status="PASS" starttime="20220713 18:23:47.649" endtime="20220713 18:23:48.180"/>
</kw>
<kw name="Wait Until Keyword Succeeds" library="BuiltIn">
<arg>${TimeOut}</arg>
<arg>${Start}</arg>
<arg>click element</arg>
<arg>${locator}</arg>
<doc>Runs the specified keyword and retries if it fails.</doc>
<kw name="Click Element" library="SeleniumLibrary">
<arg>${locator}</arg>
<doc>Click the element identified by ``locator``.</doc>
<msg timestamp="20220713 18:23:48.181" level="INFO">Clicking element '(//button[@class='sc-bczRLJ BhUtc'])[2]'.</msg>
<msg timestamp="20220713 18:23:49.368" level="INFO" html="true">&lt;/td&gt;&lt;/tr&gt;&lt;tr&gt;&lt;td colspan="3"&gt;&lt;a href="selenium-screenshot-65.png"&gt;&lt;img src="selenium-screenshot-65.png" width="800px"&gt;&lt;/a&gt;</msg>
<msg timestamp="20220713 18:23:49.369" level="FAIL">ElementClickInterceptedException: Message: element click intercepted: Element &lt;button type="button" name="buttonName" class="sc-bczRLJ BhUtc"&gt;...&lt;/button&gt; is not clickable at point (1259, 597). Other element would receive the click: &lt;div class="MuiBackdrop-root makeStyles-backdrop-1" aria-hidden="true" style="opacity: 0; transition: opacity 195ms cubic-bezier(0.4, 0, 0.2, 1) 0ms;"&gt;...&lt;/div&gt;
  (Session info: chrome=103.0.5060.66)
Stacktrace:
Backtrace:
	Ordinal0 [0x00916463+2188387]
	Ordinal0 [0x008AE461+1762401]
	Ordinal0 [0x007C3D78+802168]
	Ordinal0 [0x007F7F9B+1015707]
	Ordinal0 [0x007F5F68+1007464]
	Ordinal0 [0x007F3C6B+998507]
	Ordinal0 [0x007F29D9+993753]
	Ordinal0 [0x007E8613+951827]
	Ordinal0 [0x0080C7DC+1099740]
	Ordinal0 [0x007E7FF4+950260]
	Ordinal0 [0x0080C9F4+1100276]
	Ordinal0 [0x0081CC22+1166370]
	Ordinal0 [0x0080C5F6+1099254]
	Ordinal0 [0x007E6BE0+945120]
	Ordinal0 [0x007E7AD6+948950]
	GetHandleVerifier [0x00BB71F2+2712546]
	GetHandleVerifier [0x00BA886D+2652765]
	GetHandleVerifier [0x009A002A+520730]
	GetHandleVerifier [0x0099EE06+516086]
	Ordinal0 [0x008B468B+1787531]
	Ordinal0 [0x008B8E88+1805960]
	Ordinal0 [0x008B8F75+1806197]
	Ordinal0 [0x008C1DF1+1842673]
	BaseThreadInitThunk [0x755AFA29+25]
	RtlGetAppContainerNamedObjectPath [0x77727A9E+286]
	RtlGetAppContainerNamedObjectPath [0x77727A6E+238]
</msg>
<status status="FAIL" starttime="20220713 18:23:48.180" endtime="20220713 18:23:49.386"/>
</kw>
<kw name="Click Element" library="SeleniumLibrary">
<arg>${locator}</arg>
<doc>Click the element identified by ``locator``.</doc>
<msg timestamp="20220713 18:23:50.401" level="INFO">Clicking element '(//button[@class='sc-bczRLJ BhUtc'])[2]'.</msg>
<status status="PASS" starttime="20220713 18:23:50.400" endtime="20220713 18:23:50.549"/>
</kw>
<status status="PASS" starttime="20220713 18:23:48.180" endtime="20220713 18:23:50.549"/>
</kw>
<status status="PASS" starttime="20220713 18:23:47.648" endtime="20220713 18:23:50.549"/>
</kw>
<kw name="Set Dropdown" library="Common">
<arg>${ProfileDetailsPage}[Residential_ProfileRegionDropdown]</arg>
<arg>${REGION}</arg>
<kw name="Click Item" library="Common">
<arg>${dropdown}</arg>
<kw name="Verify elements is visible and displayed" library="Common">
<arg>${locator}</arg>
<doc>Keyword to verify locator is enabled and visibled on a page.</doc>
<kw name="Wait Until Element Is Enabled" library="SeleniumLibrary">
<arg>${locator}</arg>
<arg>timeout=60</arg>
<doc>Waits until the element ``locator`` is enabled.</doc>
<status status="PASS" starttime="20220713 18:23:50.552" endtime="20220713 18:23:50.606"/>
</kw>
<kw name="Wait Until Element Is Visible" library="SeleniumLibrary">
<arg>${locator}</arg>
<arg>timeout=60</arg>
<doc>Waits until the element ``locator`` is visible.</doc>
<status status="PASS" starttime="20220713 18:23:50.607" endtime="20220713 18:23:50.633"/>
</kw>
<kw name="Page Should Contain Element" library="SeleniumLibrary">
<arg>${locator}</arg>
<arg>timeout=60</arg>
<doc>Verifies that element ``locator`` is found on the current page.</doc>
<msg timestamp="20220713 18:23:50.649" level="INFO">Current page contains element '(//div[@class=' css-g1d714-ValueContainer'])[4]'.</msg>
<status status="PASS" starttime="20220713 18:23:50.634" endtime="20220713 18:23:50.650"/>
</kw>
<kw name="Wait Until Keyword Succeeds" library="BuiltIn">
<arg>${TimeOut}</arg>
<arg>${Start}</arg>
<arg>wait until page contains element</arg>
<arg>${locator}</arg>
<doc>Runs the specified keyword and retries if it fails.</doc>
<kw name="Wait Until Page Contains Element" library="SeleniumLibrary">
<arg>${locator}</arg>
<doc>Waits until the element ``locator`` appears on the current page.</doc>
<status status="PASS" starttime="20220713 18:23:50.652" endtime="20220713 18:23:50.662"/>
</kw>
<status status="PASS" starttime="20220713 18:23:50.650" endtime="20220713 18:23:50.662"/>
</kw>
<status status="PASS" starttime="20220713 18:23:50.551" endtime="20220713 18:23:50.662"/>
</kw>
<kw name="Wait Until Keyword Succeeds" library="BuiltIn">
<arg>${TimeOut}</arg>
<arg>${Start}</arg>
<arg>click element</arg>
<arg>${locator}</arg>
<doc>Runs the specified keyword and retries if it fails.</doc>
<kw name="Click Element" library="SeleniumLibrary">
<arg>${locator}</arg>
<doc>Click the element identified by ``locator``.</doc>
<msg timestamp="20220713 18:23:50.663" level="INFO">Clicking element '(//div[@class=' css-g1d714-ValueContainer'])[4]'.</msg>
<status status="PASS" starttime="20220713 18:23:50.663" endtime="20220713 18:23:51.831"/>
</kw>
<status status="PASS" starttime="20220713 18:23:50.662" endtime="20220713 18:23:51.831"/>
</kw>
<status status="PASS" starttime="20220713 18:23:50.550" endtime="20220713 18:23:51.832"/>
</kw>
<kw name="Execute Javascript" library="SeleniumLibrary">
<var>${bool}</var>
<arg>var a = document.querySelectorAll('input[type=radio]');for(var i=0;i&lt;a.length;i++){if(a[i].checked==true &amp;&amp; a[i].nextSibling.innerHTML.trim() === '${locator_label}') return true; else return false;}</arg>
<doc>Executes the given JavaScript code with possible arguments.</doc>
<msg timestamp="20220713 18:23:51.833" level="INFO">Executing JavaScript:
var a = document.querySelectorAll('input[type=radio]');for(var i=0;i&lt;a.length;i++){if(a[i].checked==true &amp;&amp; a[i].nextSibling.innerHTML.trim() === 'Afar') return true; else return false;}
Without any arguments.</msg>
<msg timestamp="20220713 18:23:51.839" level="INFO">${bool} = False</msg>
<status status="PASS" starttime="20220713 18:23:51.832" endtime="20220713 18:23:51.839"/>
</kw>
<kw name="Log To Console" library="BuiltIn">
<arg>------------------------</arg>
<doc>Logs the given message to the console.</doc>
<status status="PASS" starttime="20220713 18:23:51.839" endtime="20220713 18:23:51.840"/>
</kw>
<kw name="Log To Console" library="BuiltIn">
<arg>${bool}</arg>
<doc>Logs the given message to the console.</doc>
<status status="PASS" starttime="20220713 18:23:51.840" endtime="20220713 18:23:51.840"/>
</kw>
<kw name="Log To Console" library="BuiltIn">
<arg>------------------------</arg>
<doc>Logs the given message to the console.</doc>
<status status="PASS" starttime="20220713 18:23:51.840" endtime="20220713 18:23:51.841"/>
</kw>
<if>
<branch type="IF" condition="not ${bool}">
<kw name="Click Item" library="Common">
<arg>//label[text()='${locator_label}' and @md='10']</arg>
<kw name="Verify elements is visible and displayed" library="Common">
<arg>${locator}</arg>
<doc>Keyword to verify locator is enabled and visibled on a page.</doc>
<kw name="Wait Until Element Is Enabled" library="SeleniumLibrary">
<arg>${locator}</arg>
<arg>timeout=60</arg>
<doc>Waits until the element ``locator`` is enabled.</doc>
<status status="PASS" starttime="20220713 18:23:51.842" endtime="20220713 18:23:51.872"/>
</kw>
<kw name="Wait Until Element Is Visible" library="SeleniumLibrary">
<arg>${locator}</arg>
<arg>timeout=60</arg>
<doc>Waits until the element ``locator`` is visible.</doc>
<status status="PASS" starttime="20220713 18:23:51.872" endtime="20220713 18:23:51.892"/>
</kw>
<kw name="Page Should Contain Element" library="SeleniumLibrary">
<arg>${locator}</arg>
<arg>timeout=60</arg>
<doc>Verifies that element ``locator`` is found on the current page.</doc>
<msg timestamp="20220713 18:23:51.901" level="INFO">Current page contains element '//label[text()='Afar' and @md='10']'.</msg>
<status status="PASS" starttime="20220713 18:23:51.892" endtime="20220713 18:23:51.901"/>
</kw>
<kw name="Wait Until Keyword Succeeds" library="BuiltIn">
<arg>${TimeOut}</arg>
<arg>${Start}</arg>
<arg>wait until page contains element</arg>
<arg>${locator}</arg>
<doc>Runs the specified keyword and retries if it fails.</doc>
<kw name="Wait Until Page Contains Element" library="SeleniumLibrary">
<arg>${locator}</arg>
<doc>Waits until the element ``locator`` appears on the current page.</doc>
<status status="PASS" starttime="20220713 18:23:51.901" endtime="20220713 18:23:51.909"/>
</kw>
<status status="PASS" starttime="20220713 18:23:51.901" endtime="20220713 18:23:51.909"/>
</kw>
<status status="PASS" starttime="20220713 18:23:51.841" endtime="20220713 18:23:51.909"/>
</kw>
<kw name="Wait Until Keyword Succeeds" library="BuiltIn">
<arg>${TimeOut}</arg>
<arg>${Start}</arg>
<arg>click element</arg>
<arg>${locator}</arg>
<doc>Runs the specified keyword and retries if it fails.</doc>
<kw name="Click Element" library="SeleniumLibrary">
<arg>${locator}</arg>
<doc>Click the element identified by ``locator``.</doc>
<msg timestamp="20220713 18:23:51.910" level="INFO">Clicking element '//label[text()='Afar' and @md='10']'.</msg>
<status status="PASS" starttime="20220713 18:23:51.910" endtime="20220713 18:23:52.041"/>
</kw>
<status status="PASS" starttime="20220713 18:23:51.909" endtime="20220713 18:23:52.041"/>
</kw>
<status status="PASS" starttime="20220713 18:23:51.841" endtime="20220713 18:23:52.041"/>
</kw>
<status status="PASS" starttime="20220713 18:23:51.841" endtime="20220713 18:23:52.041"/>
</branch>
<status status="PASS" starttime="20220713 18:23:51.841" endtime="20220713 18:23:52.041"/>
</if>
<status status="PASS" starttime="20220713 18:23:50.549" endtime="20220713 18:23:52.041"/>
</kw>
<kw name="Set Dropdown" library="Common">
<arg>${ProfileDetailsPage}[Residential_ProfileZoneDropdown]</arg>
<arg>${ZONE}</arg>
<kw name="Click Item" library="Common">
<arg>${dropdown}</arg>
<kw name="Verify elements is visible and displayed" library="Common">
<arg>${locator}</arg>
<doc>Keyword to verify locator is enabled and visibled on a page.</doc>
<kw name="Wait Until Element Is Enabled" library="SeleniumLibrary">
<arg>${locator}</arg>
<arg>timeout=60</arg>
<doc>Waits until the element ``locator`` is enabled.</doc>
<status status="PASS" starttime="20220713 18:23:52.043" endtime="20220713 18:23:52.073"/>
</kw>
<kw name="Wait Until Element Is Visible" library="SeleniumLibrary">
<arg>${locator}</arg>
<arg>timeout=60</arg>
<doc>Waits until the element ``locator`` is visible.</doc>
<status status="PASS" starttime="20220713 18:23:52.073" endtime="20220713 18:23:52.090"/>
</kw>
<kw name="Page Should Contain Element" library="SeleniumLibrary">
<arg>${locator}</arg>
<arg>timeout=60</arg>
<doc>Verifies that element ``locator`` is found on the current page.</doc>
<msg timestamp="20220713 18:23:52.098" level="INFO">Current page contains element '(//div[@class=' css-g1d714-ValueContainer'])[5]'.</msg>
<status status="PASS" starttime="20220713 18:23:52.091" endtime="20220713 18:23:52.098"/>
</kw>
<kw name="Wait Until Keyword Succeeds" library="BuiltIn">
<arg>${TimeOut}</arg>
<arg>${Start}</arg>
<arg>wait until page contains element</arg>
<arg>${locator}</arg>
<doc>Runs the specified keyword and retries if it fails.</doc>
<kw name="Wait Until Page Contains Element" library="SeleniumLibrary">
<arg>${locator}</arg>
<doc>Waits until the element ``locator`` appears on the current page.</doc>
<status status="PASS" starttime="20220713 18:23:52.099" endtime="20220713 18:23:52.108"/>
</kw>
<status status="PASS" starttime="20220713 18:23:52.098" endtime="20220713 18:23:52.108"/>
</kw>
<status status="PASS" starttime="20220713 18:23:52.043" endtime="20220713 18:23:52.109"/>
</kw>
<kw name="Wait Until Keyword Succeeds" library="BuiltIn">
<arg>${TimeOut}</arg>
<arg>${Start}</arg>
<arg>click element</arg>
<arg>${locator}</arg>
<doc>Runs the specified keyword and retries if it fails.</doc>
<kw name="Click Element" library="SeleniumLibrary">
<arg>${locator}</arg>
<doc>Click the element identified by ``locator``.</doc>
<msg timestamp="20220713 18:23:52.110" level="INFO">Clicking element '(//div[@class=' css-g1d714-ValueContainer'])[5]'.</msg>
<status status="PASS" starttime="20220713 18:23:52.110" endtime="20220713 18:23:52.459"/>
</kw>
<status status="PASS" starttime="20220713 18:23:52.109" endtime="20220713 18:23:52.459"/>
</kw>
<status status="PASS" starttime="20220713 18:23:52.042" endtime="20220713 18:23:52.459"/>
</kw>
<kw name="Execute Javascript" library="SeleniumLibrary">
<var>${bool}</var>
<arg>var a = document.querySelectorAll('input[type=radio]');for(var i=0;i&lt;a.length;i++){if(a[i].checked==true &amp;&amp; a[i].nextSibling.innerHTML.trim() === '${locator_label}') return true; else return false;}</arg>
<doc>Executes the given JavaScript code with possible arguments.</doc>
<msg timestamp="20220713 18:23:52.460" level="INFO">Executing JavaScript:
var a = document.querySelectorAll('input[type=radio]');for(var i=0;i&lt;a.length;i++){if(a[i].checked==true &amp;&amp; a[i].nextSibling.innerHTML.trim() === 'Awsi/Zone 1') return true; else return false;}
Without any arguments.</msg>
<msg timestamp="20220713 18:23:52.467" level="INFO">${bool} = True</msg>
<status status="PASS" starttime="20220713 18:23:52.459" endtime="20220713 18:23:52.467"/>
</kw>
<kw name="Log To Console" library="BuiltIn">
<arg>------------------------</arg>
<doc>Logs the given message to the console.</doc>
<status status="PASS" starttime="20220713 18:23:52.467" endtime="20220713 18:23:52.467"/>
</kw>
<kw name="Log To Console" library="BuiltIn">
<arg>${bool}</arg>
<doc>Logs the given message to the console.</doc>
<status status="PASS" starttime="20220713 18:23:52.467" endtime="20220713 18:23:52.468"/>
</kw>
<kw name="Log To Console" library="BuiltIn">
<arg>------------------------</arg>
<doc>Logs the given message to the console.</doc>
<status status="PASS" starttime="20220713 18:23:52.468" endtime="20220713 18:23:52.468"/>
</kw>
<if>
<branch type="IF" condition="not ${bool}">
<kw name="Click Item" library="Common">
<arg>//label[text()='${locator_label}' and @md='10']</arg>
<status status="NOT RUN" starttime="20220713 18:23:52.469" endtime="20220713 18:23:52.469"/>
</kw>
<status status="NOT RUN" starttime="20220713 18:23:52.469" endtime="20220713 18:23:52.469"/>
</branch>
<status status="PASS" starttime="20220713 18:23:52.468" endtime="20220713 18:23:52.469"/>
</if>
<status status="PASS" starttime="20220713 18:23:52.042" endtime="20220713 18:23:52.469"/>
</kw>
<kw name="Set Input" library="Common">
<arg>${ProfileDetailsPage}[Residential_UnionInput]</arg>
<arg>${Union}</arg>
<kw name="Click Item" library="Common">
<arg>${locator}</arg>
<kw name="Verify elements is visible and displayed" library="Common">
<arg>${locator}</arg>
<doc>Keyword to verify locator is enabled and visibled on a page.</doc>
<kw name="Wait Until Element Is Enabled" library="SeleniumLibrary">
<arg>${locator}</arg>
<arg>timeout=60</arg>
<doc>Waits until the element ``locator`` is enabled.</doc>
<status status="PASS" starttime="20220713 18:23:52.470" endtime="20220713 18:23:52.501"/>
</kw>
<kw name="Wait Until Element Is Visible" library="SeleniumLibrary">
<arg>${locator}</arg>
<arg>timeout=60</arg>
<doc>Waits until the element ``locator`` is visible.</doc>
<status status="PASS" starttime="20220713 18:23:52.501" endtime="20220713 18:23:52.520"/>
</kw>
<kw name="Page Should Contain Element" library="SeleniumLibrary">
<arg>${locator}</arg>
<arg>timeout=60</arg>
<doc>Verifies that element ``locator`` is found on the current page.</doc>
<msg timestamp="20220713 18:23:52.527" level="INFO">Current page contains element '//input[@id='addressLine3_1']'.</msg>
<status status="PASS" starttime="20220713 18:23:52.520" endtime="20220713 18:23:52.527"/>
</kw>
<kw name="Wait Until Keyword Succeeds" library="BuiltIn">
<arg>${TimeOut}</arg>
<arg>${Start}</arg>
<arg>wait until page contains element</arg>
<arg>${locator}</arg>
<doc>Runs the specified keyword and retries if it fails.</doc>
<kw name="Wait Until Page Contains Element" library="SeleniumLibrary">
<arg>${locator}</arg>
<doc>Waits until the element ``locator`` appears on the current page.</doc>
<status status="PASS" starttime="20220713 18:23:52.527" endtime="20220713 18:23:52.536"/>
</kw>
<status status="PASS" starttime="20220713 18:23:52.527" endtime="20220713 18:23:52.536"/>
</kw>
<status status="PASS" starttime="20220713 18:23:52.470" endtime="20220713 18:23:52.536"/>
</kw>
<kw name="Wait Until Keyword Succeeds" library="BuiltIn">
<arg>${TimeOut}</arg>
<arg>${Start}</arg>
<arg>click element</arg>
<arg>${locator}</arg>
<doc>Runs the specified keyword and retries if it fails.</doc>
<kw name="Click Element" library="SeleniumLibrary">
<arg>${locator}</arg>
<doc>Click the element identified by ``locator``.</doc>
<msg timestamp="20220713 18:23:52.537" level="INFO">Clicking element '//input[@id='addressLine3_1']'.</msg>
<status status="PASS" starttime="20220713 18:23:52.537" endtime="20220713 18:23:52.601"/>
</kw>
<status status="PASS" starttime="20220713 18:23:52.536" endtime="20220713 18:23:52.601"/>
</kw>
<status status="PASS" starttime="20220713 18:23:52.469" endtime="20220713 18:23:52.602"/>
</kw>
<kw name="Run Keyword If" library="BuiltIn">
<arg>'${value}' == 'nan'</arg>
<arg>Log To Console</arg>
<arg>NANACONDITION</arg>
<arg>ELSE IF</arg>
<arg>'${value}' == 'BLANK'</arg>
<arg>Wait Until Keyword Succeeds</arg>
<arg>${TimeOut}</arg>
<arg>${Start}</arg>
<arg>input text</arg>
<arg>${locator}</arg>
<arg>\</arg>
<arg>ELSE</arg>
<arg>Wait Until Keyword Succeeds</arg>
<arg>${TimeOut}</arg>
<arg>${Start}</arg>
<arg>input text</arg>
<arg>${locator}</arg>
<arg>${value}</arg>
<doc>Runs the given keyword with the given arguments, if ``condition`` is true.</doc>
<kw name="Wait Until Keyword Succeeds" library="BuiltIn">
<arg>${TimeOut}</arg>
<arg>${Start}</arg>
<arg>input text</arg>
<arg>${locator}</arg>
<arg>${value}</arg>
<doc>Runs the specified keyword and retries if it fails.</doc>
<kw name="Input Text" library="SeleniumLibrary">
<arg>${locator}</arg>
<arg>${value}</arg>
<doc>Types the given ``text`` into the text field identified by ``locator``.</doc>
<msg timestamp="20220713 18:23:52.603" level="INFO">Typing text 'Kebele12222' into text field '//input[@id='addressLine3_1']'.</msg>
<status status="PASS" starttime="20220713 18:23:52.603" endtime="20220713 18:23:52.695"/>
</kw>
<status status="PASS" starttime="20220713 18:23:52.602" endtime="20220713 18:23:52.696"/>
</kw>
<status status="PASS" starttime="20220713 18:23:52.602" endtime="20220713 18:23:52.696"/>
</kw>
<status status="PASS" starttime="20220713 18:23:52.469" endtime="20220713 18:23:52.696"/>
</kw>
<kw name="Set Input" library="Common">
<arg>${ProfileDetailsPage}[Residential_HouseNoInput]</arg>
<arg>${HomeNo}</arg>
<kw name="Click Item" library="Common">
<arg>${locator}</arg>
<kw name="Verify elements is visible and displayed" library="Common">
<arg>${locator}</arg>
<doc>Keyword to verify locator is enabled and visibled on a page.</doc>
<kw name="Wait Until Element Is Enabled" library="SeleniumLibrary">
<arg>${locator}</arg>
<arg>timeout=60</arg>
<doc>Waits until the element ``locator`` is enabled.</doc>
<status status="PASS" starttime="20220713 18:23:52.697" endtime="20220713 18:23:52.730"/>
</kw>
<kw name="Wait Until Element Is Visible" library="SeleniumLibrary">
<arg>${locator}</arg>
<arg>timeout=60</arg>
<doc>Waits until the element ``locator`` is visible.</doc>
<status status="PASS" starttime="20220713 18:23:52.731" endtime="20220713 18:23:52.753"/>
</kw>
<kw name="Page Should Contain Element" library="SeleniumLibrary">
<arg>${locator}</arg>
<arg>timeout=60</arg>
<doc>Verifies that element ``locator`` is found on the current page.</doc>
<msg timestamp="20220713 18:23:52.760" level="INFO">Current page contains element '//input[@id='addressLine1_1']'.</msg>
<status status="PASS" starttime="20220713 18:23:52.753" endtime="20220713 18:23:52.760"/>
</kw>
<kw name="Wait Until Keyword Succeeds" library="BuiltIn">
<arg>${TimeOut}</arg>
<arg>${Start}</arg>
<arg>wait until page contains element</arg>
<arg>${locator}</arg>
<doc>Runs the specified keyword and retries if it fails.</doc>
<kw name="Wait Until Page Contains Element" library="SeleniumLibrary">
<arg>${locator}</arg>
<doc>Waits until the element ``locator`` appears on the current page.</doc>
<status status="PASS" starttime="20220713 18:23:52.760" endtime="20220713 18:23:52.769"/>
</kw>
<status status="PASS" starttime="20220713 18:23:52.760" endtime="20220713 18:23:52.769"/>
</kw>
<status status="PASS" starttime="20220713 18:23:52.697" endtime="20220713 18:23:52.769"/>
</kw>
<kw name="Wait Until Keyword Succeeds" library="BuiltIn">
<arg>${TimeOut}</arg>
<arg>${Start}</arg>
<arg>click element</arg>
<arg>${locator}</arg>
<doc>Runs the specified keyword and retries if it fails.</doc>
<kw name="Click Element" library="SeleniumLibrary">
<arg>${locator}</arg>
<doc>Click the element identified by ``locator``.</doc>
<msg timestamp="20220713 18:23:52.770" level="INFO">Clicking element '//input[@id='addressLine1_1']'.</msg>
<status status="PASS" starttime="20220713 18:23:52.770" endtime="20220713 18:23:52.818"/>
</kw>
<status status="PASS" starttime="20220713 18:23:52.769" endtime="20220713 18:23:52.818"/>
</kw>
<status status="PASS" starttime="20220713 18:23:52.696" endtime="20220713 18:23:52.818"/>
</kw>
<kw name="Run Keyword If" library="BuiltIn">
<arg>'${value}' == 'nan'</arg>
<arg>Log To Console</arg>
<arg>NANACONDITION</arg>
<arg>ELSE IF</arg>
<arg>'${value}' == 'BLANK'</arg>
<arg>Wait Until Keyword Succeeds</arg>
<arg>${TimeOut}</arg>
<arg>${Start}</arg>
<arg>input text</arg>
<arg>${locator}</arg>
<arg>\</arg>
<arg>ELSE</arg>
<arg>Wait Until Keyword Succeeds</arg>
<arg>${TimeOut}</arg>
<arg>${Start}</arg>
<arg>input text</arg>
<arg>${locator}</arg>
<arg>${value}</arg>
<doc>Runs the given keyword with the given arguments, if ``condition`` is true.</doc>
<kw name="Wait Until Keyword Succeeds" library="BuiltIn">
<arg>${TimeOut}</arg>
<arg>${Start}</arg>
<arg>input text</arg>
<arg>${locator}</arg>
<arg>${value}</arg>
<doc>Runs the specified keyword and retries if it fails.</doc>
<kw name="Input Text" library="SeleniumLibrary">
<arg>${locator}</arg>
<arg>${value}</arg>
<doc>Types the given ``text`` into the text field identified by ``locator``.</doc>
<msg timestamp="20220713 18:23:52.820" level="INFO">Typing text 'Houseno2222' into text field '//input[@id='addressLine1_1']'.</msg>
<status status="PASS" starttime="20220713 18:23:52.819" endtime="20220713 18:23:52.906"/>
</kw>
<status status="PASS" starttime="20220713 18:23:52.819" endtime="20220713 18:23:52.906"/>
</kw>
<status status="PASS" starttime="20220713 18:23:52.818" endtime="20220713 18:23:52.906"/>
</kw>
<status status="PASS" starttime="20220713 18:23:52.696" endtime="20220713 18:23:52.906"/>
</kw>
<kw name="Set Input" library="Common">
<arg>${ProfileDetailsPage}[Residential_StreetInput]</arg>
<arg>${StreetNo}</arg>
<kw name="Click Item" library="Common">
<arg>${locator}</arg>
<kw name="Verify elements is visible and displayed" library="Common">
<arg>${locator}</arg>
<doc>Keyword to verify locator is enabled and visibled on a page.</doc>
<kw name="Wait Until Element Is Enabled" library="SeleniumLibrary">
<arg>${locator}</arg>
<arg>timeout=60</arg>
<doc>Waits until the element ``locator`` is enabled.</doc>
<status status="PASS" starttime="20220713 18:23:52.908" endtime="20220713 18:23:52.936"/>
</kw>
<kw name="Wait Until Element Is Visible" library="SeleniumLibrary">
<arg>${locator}</arg>
<arg>timeout=60</arg>
<doc>Waits until the element ``locator`` is visible.</doc>
<status status="PASS" starttime="20220713 18:23:52.936" endtime="20220713 18:23:52.952"/>
</kw>
<kw name="Page Should Contain Element" library="SeleniumLibrary">
<arg>${locator}</arg>
<arg>timeout=60</arg>
<doc>Verifies that element ``locator`` is found on the current page.</doc>
<msg timestamp="20220713 18:23:52.959" level="INFO">Current page contains element '//input[@id='addressLine2_1']'.</msg>
<status status="PASS" starttime="20220713 18:23:52.953" endtime="20220713 18:23:52.959"/>
</kw>
<kw name="Wait Until Keyword Succeeds" library="BuiltIn">
<arg>${TimeOut}</arg>
<arg>${Start}</arg>
<arg>wait until page contains element</arg>
<arg>${locator}</arg>
<doc>Runs the specified keyword and retries if it fails.</doc>
<kw name="Wait Until Page Contains Element" library="SeleniumLibrary">
<arg>${locator}</arg>
<doc>Waits until the element ``locator`` appears on the current page.</doc>
<status status="PASS" starttime="20220713 18:23:52.960" endtime="20220713 18:23:52.966"/>
</kw>
<status status="PASS" starttime="20220713 18:23:52.959" endtime="20220713 18:23:52.966"/>
</kw>
<status status="PASS" starttime="20220713 18:23:52.907" endtime="20220713 18:23:52.966"/>
</kw>
<kw name="Wait Until Keyword Succeeds" library="BuiltIn">
<arg>${TimeOut}</arg>
<arg>${Start}</arg>
<arg>click element</arg>
<arg>${locator}</arg>
<doc>Runs the specified keyword and retries if it fails.</doc>
<kw name="Click Element" library="SeleniumLibrary">
<arg>${locator}</arg>
<doc>Click the element identified by ``locator``.</doc>
<msg timestamp="20220713 18:23:52.967" level="INFO">Clicking element '//input[@id='addressLine2_1']'.</msg>
<status status="PASS" starttime="20220713 18:23:52.967" endtime="20220713 18:23:53.006"/>
</kw>
<status status="PASS" starttime="20220713 18:23:52.966" endtime="20220713 18:23:53.006"/>
</kw>
<status status="PASS" starttime="20220713 18:23:52.907" endtime="20220713 18:23:53.006"/>
</kw>
<kw name="Run Keyword If" library="BuiltIn">
<arg>'${value}' == 'nan'</arg>
<arg>Log To Console</arg>
<arg>NANACONDITION</arg>
<arg>ELSE IF</arg>
<arg>'${value}' == 'BLANK'</arg>
<arg>Wait Until Keyword Succeeds</arg>
<arg>${TimeOut}</arg>
<arg>${Start}</arg>
<arg>input text</arg>
<arg>${locator}</arg>
<arg>\</arg>
<arg>ELSE</arg>
<arg>Wait Until Keyword Succeeds</arg>
<arg>${TimeOut}</arg>
<arg>${Start}</arg>
<arg>input text</arg>
<arg>${locator}</arg>
<arg>${value}</arg>
<doc>Runs the given keyword with the given arguments, if ``condition`` is true.</doc>
<kw name="Wait Until Keyword Succeeds" library="BuiltIn">
<arg>${TimeOut}</arg>
<arg>${Start}</arg>
<arg>input text</arg>
<arg>${locator}</arg>
<arg>${value}</arg>
<doc>Runs the specified keyword and retries if it fails.</doc>
<kw name="Input Text" library="SeleniumLibrary">
<arg>${locator}</arg>
<arg>${value}</arg>
<doc>Types the given ``text`` into the text field identified by ``locator``.</doc>
<msg timestamp="20220713 18:23:53.008" level="INFO">Typing text '20000STREET' into text field '//input[@id='addressLine2_1']'.</msg>
<status status="PASS" starttime="20220713 18:23:53.007" endtime="20220713 18:23:53.092"/>
</kw>
<status status="PASS" starttime="20220713 18:23:53.007" endtime="20220713 18:23:53.092"/>
</kw>
<status status="PASS" starttime="20220713 18:23:53.006" endtime="20220713 18:23:53.092"/>
</kw>
<status status="PASS" starttime="20220713 18:23:52.906" endtime="20220713 18:23:53.092"/>
</kw>
<kw name="Set Input" library="Common">
<arg>${ProfileDetailsPage}[Residential_PostalCodeInput]</arg>
<arg>${POCode}</arg>
<kw name="Click Item" library="Common">
<arg>${locator}</arg>
<kw name="Verify elements is visible and displayed" library="Common">
<arg>${locator}</arg>
<doc>Keyword to verify locator is enabled and visibled on a page.</doc>
<kw name="Wait Until Element Is Enabled" library="SeleniumLibrary">
<arg>${locator}</arg>
<arg>timeout=60</arg>
<doc>Waits until the element ``locator`` is enabled.</doc>
<status status="PASS" starttime="20220713 18:23:53.093" endtime="20220713 18:23:53.123"/>
</kw>
<kw name="Wait Until Element Is Visible" library="SeleniumLibrary">
<arg>${locator}</arg>
<arg>timeout=60</arg>
<doc>Waits until the element ``locator`` is visible.</doc>
<status status="PASS" starttime="20220713 18:23:53.123" endtime="20220713 18:23:53.139"/>
</kw>
<kw name="Page Should Contain Element" library="SeleniumLibrary">
<arg>${locator}</arg>
<arg>timeout=60</arg>
<doc>Verifies that element ``locator`` is found on the current page.</doc>
<msg timestamp="20220713 18:23:53.146" level="INFO">Current page contains element '//input[@id='addressLine8_1']'.</msg>
<status status="PASS" starttime="20220713 18:23:53.139" endtime="20220713 18:23:53.146"/>
</kw>
<kw name="Wait Until Keyword Succeeds" library="BuiltIn">
<arg>${TimeOut}</arg>
<arg>${Start}</arg>
<arg>wait until page contains element</arg>
<arg>${locator}</arg>
<doc>Runs the specified keyword and retries if it fails.</doc>
<kw name="Wait Until Page Contains Element" library="SeleniumLibrary">
<arg>${locator}</arg>
<doc>Waits until the element ``locator`` appears on the current page.</doc>
<status status="PASS" starttime="20220713 18:23:53.147" endtime="20220713 18:23:53.155"/>
</kw>
<status status="PASS" starttime="20220713 18:23:53.146" endtime="20220713 18:23:53.155"/>
</kw>
<status status="PASS" starttime="20220713 18:23:53.093" endtime="20220713 18:23:53.155"/>
</kw>
<kw name="Wait Until Keyword Succeeds" library="BuiltIn">
<arg>${TimeOut}</arg>
<arg>${Start}</arg>
<arg>click element</arg>
<arg>${locator}</arg>
<doc>Runs the specified keyword and retries if it fails.</doc>
<kw name="Click Element" library="SeleniumLibrary">
<arg>${locator}</arg>
<doc>Click the element identified by ``locator``.</doc>
<msg timestamp="20220713 18:23:53.156" level="INFO">Clicking element '//input[@id='addressLine8_1']'.</msg>
<status status="PASS" starttime="20220713 18:23:53.156" endtime="20220713 18:23:53.197"/>
</kw>
<status status="PASS" starttime="20220713 18:23:53.155" endtime="20220713 18:23:53.197"/>
</kw>
<status status="PASS" starttime="20220713 18:23:53.093" endtime="20220713 18:23:53.198"/>
</kw>
<kw name="Run Keyword If" library="BuiltIn">
<arg>'${value}' == 'nan'</arg>
<arg>Log To Console</arg>
<arg>NANACONDITION</arg>
<arg>ELSE IF</arg>
<arg>'${value}' == 'BLANK'</arg>
<arg>Wait Until Keyword Succeeds</arg>
<arg>${TimeOut}</arg>
<arg>${Start}</arg>
<arg>input text</arg>
<arg>${locator}</arg>
<arg>\</arg>
<arg>ELSE</arg>
<arg>Wait Until Keyword Succeeds</arg>
<arg>${TimeOut}</arg>
<arg>${Start}</arg>
<arg>input text</arg>
<arg>${locator}</arg>
<arg>${value}</arg>
<doc>Runs the given keyword with the given arguments, if ``condition`` is true.</doc>
<kw name="Wait Until Keyword Succeeds" library="BuiltIn">
<arg>${TimeOut}</arg>
<arg>${Start}</arg>
<arg>input text</arg>
<arg>${locator}</arg>
<arg>${value}</arg>
<doc>Runs the specified keyword and retries if it fails.</doc>
<kw name="Input Text" library="SeleniumLibrary">
<arg>${locator}</arg>
<arg>${value}</arg>
<doc>Types the given ``text`` into the text field identified by ``locator``.</doc>
<msg timestamp="20220713 18:23:53.199" level="INFO">Typing text '2222' into text field '//input[@id='addressLine8_1']'.</msg>
<status status="PASS" starttime="20220713 18:23:53.199" endtime="20220713 18:23:53.276"/>
</kw>
<status status="PASS" starttime="20220713 18:23:53.199" endtime="20220713 18:23:53.276"/>
</kw>
<status status="PASS" starttime="20220713 18:23:53.198" endtime="20220713 18:23:53.276"/>
</kw>
<status status="PASS" starttime="20220713 18:23:53.092" endtime="20220713 18:23:53.276"/>
</kw>
<kw name="Set Input" library="Common">
<arg>${ProfileDetailsPage}[Residential_POInput]</arg>
<arg>${POBox}</arg>
<kw name="Click Item" library="Common">
<arg>${locator}</arg>
<kw name="Verify elements is visible and displayed" library="Common">
<arg>${locator}</arg>
<doc>Keyword to verify locator is enabled and visibled on a page.</doc>
<kw name="Wait Until Element Is Enabled" library="SeleniumLibrary">
<arg>${locator}</arg>
<arg>timeout=60</arg>
<doc>Waits until the element ``locator`` is enabled.</doc>
<status status="PASS" starttime="20220713 18:23:53.277" endtime="20220713 18:23:53.306"/>
</kw>
<kw name="Wait Until Element Is Visible" library="SeleniumLibrary">
<arg>${locator}</arg>
<arg>timeout=60</arg>
<doc>Waits until the element ``locator`` is visible.</doc>
<status status="PASS" starttime="20220713 18:23:53.306" endtime="20220713 18:23:53.322"/>
</kw>
<kw name="Page Should Contain Element" library="SeleniumLibrary">
<arg>${locator}</arg>
<arg>timeout=60</arg>
<doc>Verifies that element ``locator`` is found on the current page.</doc>
<msg timestamp="20220713 18:23:53.328" level="INFO">Current page contains element '//input[@id='addressLine9_1']'.</msg>
<status status="PASS" starttime="20220713 18:23:53.322" endtime="20220713 18:23:53.328"/>
</kw>
<kw name="Wait Until Keyword Succeeds" library="BuiltIn">
<arg>${TimeOut}</arg>
<arg>${Start}</arg>
<arg>wait until page contains element</arg>
<arg>${locator}</arg>
<doc>Runs the specified keyword and retries if it fails.</doc>
<kw name="Wait Until Page Contains Element" library="SeleniumLibrary">
<arg>${locator}</arg>
<doc>Waits until the element ``locator`` appears on the current page.</doc>
<status status="PASS" starttime="20220713 18:23:53.329" endtime="20220713 18:23:53.335"/>
</kw>
<status status="PASS" starttime="20220713 18:23:53.328" endtime="20220713 18:23:53.335"/>
</kw>
<status status="PASS" starttime="20220713 18:23:53.277" endtime="20220713 18:23:53.335"/>
</kw>
<kw name="Wait Until Keyword Succeeds" library="BuiltIn">
<arg>${TimeOut}</arg>
<arg>${Start}</arg>
<arg>click element</arg>
<arg>${locator}</arg>
<doc>Runs the specified keyword and retries if it fails.</doc>
<kw name="Click Element" library="SeleniumLibrary">
<arg>${locator}</arg>
<doc>Click the element identified by ``locator``.</doc>
<msg timestamp="20220713 18:23:53.336" level="INFO">Clicking element '//input[@id='addressLine9_1']'.</msg>
<status status="PASS" starttime="20220713 18:23:53.336" endtime="20220713 18:23:53.376"/>
</kw>
<status status="PASS" starttime="20220713 18:23:53.335" endtime="20220713 18:23:53.376"/>
</kw>
<status status="PASS" starttime="20220713 18:23:53.277" endtime="20220713 18:23:53.376"/>
</kw>
<kw name="Run Keyword If" library="BuiltIn">
<arg>'${value}' == 'nan'</arg>
<arg>Log To Console</arg>
<arg>NANACONDITION</arg>
<arg>ELSE IF</arg>
<arg>'${value}' == 'BLANK'</arg>
<arg>Wait Until Keyword Succeeds</arg>
<arg>${TimeOut}</arg>
<arg>${Start}</arg>
<arg>input text</arg>
<arg>${locator}</arg>
<arg>\</arg>
<arg>ELSE</arg>
<arg>Wait Until Keyword Succeeds</arg>
<arg>${TimeOut}</arg>
<arg>${Start}</arg>
<arg>input text</arg>
<arg>${locator}</arg>
<arg>${value}</arg>
<doc>Runs the given keyword with the given arguments, if ``condition`` is true.</doc>
<kw name="Wait Until Keyword Succeeds" library="BuiltIn">
<arg>${TimeOut}</arg>
<arg>${Start}</arg>
<arg>input text</arg>
<arg>${locator}</arg>
<arg>${value}</arg>
<doc>Runs the specified keyword and retries if it fails.</doc>
<kw name="Input Text" library="SeleniumLibrary">
<arg>${locator}</arg>
<arg>${value}</arg>
<doc>Types the given ``text`` into the text field identified by ``locator``.</doc>
<msg timestamp="20220713 18:23:53.378" level="INFO">Typing text '2222' into text field '//input[@id='addressLine9_1']'.</msg>
<status status="PASS" starttime="20220713 18:23:53.377" endtime="20220713 18:23:53.445"/>
</kw>
<status status="PASS" starttime="20220713 18:23:53.377" endtime="20220713 18:23:53.445"/>
</kw>
<status status="PASS" starttime="20220713 18:23:53.376" endtime="20220713 18:23:53.445"/>
</kw>
<status status="PASS" starttime="20220713 18:23:53.276" endtime="20220713 18:23:53.445"/>
</kw>
<kw name="Set Input" library="Common">
<arg>${ProfileDetailsPage}[Residential_LatitudeInput]</arg>
<arg>${Latitude}</arg>
<kw name="Click Item" library="Common">
<arg>${locator}</arg>
<kw name="Verify elements is visible and displayed" library="Common">
<arg>${locator}</arg>
<doc>Keyword to verify locator is enabled and visibled on a page.</doc>
<kw name="Wait Until Element Is Enabled" library="SeleniumLibrary">
<arg>${locator}</arg>
<arg>timeout=60</arg>
<doc>Waits until the element ``locator`` is enabled.</doc>
<status status="PASS" starttime="20220713 18:23:53.446" endtime="20220713 18:23:53.474"/>
</kw>
<kw name="Wait Until Element Is Visible" library="SeleniumLibrary">
<arg>${locator}</arg>
<arg>timeout=60</arg>
<doc>Waits until the element ``locator`` is visible.</doc>
<status status="PASS" starttime="20220713 18:23:53.474" endtime="20220713 18:23:53.519"/>
</kw>
<kw name="Page Should Contain Element" library="SeleniumLibrary">
<arg>${locator}</arg>
<arg>timeout=60</arg>
<doc>Verifies that element ``locator`` is found on the current page.</doc>
<msg timestamp="20220713 18:23:53.526" level="INFO">Current page contains element '//input[@id='addressLine10_1']'.</msg>
<status status="PASS" starttime="20220713 18:23:53.519" endtime="20220713 18:23:53.526"/>
</kw>
<kw name="Wait Until Keyword Succeeds" library="BuiltIn">
<arg>${TimeOut}</arg>
<arg>${Start}</arg>
<arg>wait until page contains element</arg>
<arg>${locator}</arg>
<doc>Runs the specified keyword and retries if it fails.</doc>
<kw name="Wait Until Page Contains Element" library="SeleniumLibrary">
<arg>${locator}</arg>
<doc>Waits until the element ``locator`` appears on the current page.</doc>
<status status="PASS" starttime="20220713 18:23:53.527" endtime="20220713 18:23:53.534"/>
</kw>
<status status="PASS" starttime="20220713 18:23:53.526" endtime="20220713 18:23:53.534"/>
</kw>
<status status="PASS" starttime="20220713 18:23:53.446" endtime="20220713 18:23:53.534"/>
</kw>
<kw name="Wait Until Keyword Succeeds" library="BuiltIn">
<arg>${TimeOut}</arg>
<arg>${Start}</arg>
<arg>click element</arg>
<arg>${locator}</arg>
<doc>Runs the specified keyword and retries if it fails.</doc>
<kw name="Click Element" library="SeleniumLibrary">
<arg>${locator}</arg>
<doc>Click the element identified by ``locator``.</doc>
<msg timestamp="20220713 18:23:53.535" level="INFO">Clicking element '//input[@id='addressLine10_1']'.</msg>
<status status="PASS" starttime="20220713 18:23:53.535" endtime="20220713 18:23:53.575"/>
</kw>
<status status="PASS" starttime="20220713 18:23:53.534" endtime="20220713 18:23:53.575"/>
</kw>
<status status="PASS" starttime="20220713 18:23:53.446" endtime="20220713 18:23:53.575"/>
</kw>
<kw name="Run Keyword If" library="BuiltIn">
<arg>'${value}' == 'nan'</arg>
<arg>Log To Console</arg>
<arg>NANACONDITION</arg>
<arg>ELSE IF</arg>
<arg>'${value}' == 'BLANK'</arg>
<arg>Wait Until Keyword Succeeds</arg>
<arg>${TimeOut}</arg>
<arg>${Start}</arg>
<arg>input text</arg>
<arg>${locator}</arg>
<arg>\</arg>
<arg>ELSE</arg>
<arg>Wait Until Keyword Succeeds</arg>
<arg>${TimeOut}</arg>
<arg>${Start}</arg>
<arg>input text</arg>
<arg>${locator}</arg>
<arg>${value}</arg>
<doc>Runs the given keyword with the given arguments, if ``condition`` is true.</doc>
<kw name="Wait Until Keyword Succeeds" library="BuiltIn">
<arg>${TimeOut}</arg>
<arg>${Start}</arg>
<arg>input text</arg>
<arg>${locator}</arg>
<arg>${value}</arg>
<doc>Runs the specified keyword and retries if it fails.</doc>
<kw name="Input Text" library="SeleniumLibrary">
<arg>${locator}</arg>
<arg>${value}</arg>
<doc>Types the given ``text`` into the text field identified by ``locator``.</doc>
<msg timestamp="20220713 18:23:53.577" level="INFO">Typing text '22' into text field '//input[@id='addressLine10_1']'.</msg>
<status status="PASS" starttime="20220713 18:23:53.576" endtime="20220713 18:23:53.644"/>
</kw>
<status status="PASS" starttime="20220713 18:23:53.576" endtime="20220713 18:23:53.644"/>
</kw>
<status status="PASS" starttime="20220713 18:23:53.575" endtime="20220713 18:23:53.644"/>
</kw>
<status status="PASS" starttime="20220713 18:23:53.445" endtime="20220713 18:23:53.644"/>
</kw>
<kw name="Set Input" library="Common">
<arg>${ProfileDetailsPage}[Residential_LongitudeInput]</arg>
<arg>${Longitude}</arg>
<kw name="Click Item" library="Common">
<arg>${locator}</arg>
<kw name="Verify elements is visible and displayed" library="Common">
<arg>${locator}</arg>
<doc>Keyword to verify locator is enabled and visibled on a page.</doc>
<kw name="Wait Until Element Is Enabled" library="SeleniumLibrary">
<arg>${locator}</arg>
<arg>timeout=60</arg>
<doc>Waits until the element ``locator`` is enabled.</doc>
<status status="PASS" starttime="20220713 18:23:53.645" endtime="20220713 18:23:53.673"/>
</kw>
<kw name="Wait Until Element Is Visible" library="SeleniumLibrary">
<arg>${locator}</arg>
<arg>timeout=60</arg>
<doc>Waits until the element ``locator`` is visible.</doc>
<status status="PASS" starttime="20220713 18:23:53.673" endtime="20220713 18:23:53.690"/>
</kw>
<kw name="Page Should Contain Element" library="SeleniumLibrary">
<arg>${locator}</arg>
<arg>timeout=60</arg>
<doc>Verifies that element ``locator`` is found on the current page.</doc>
<msg timestamp="20220713 18:23:53.697" level="INFO">Current page contains element '//input[@id='addressLine11_1']'.</msg>
<status status="PASS" starttime="20220713 18:23:53.690" endtime="20220713 18:23:53.697"/>
</kw>
<kw name="Wait Until Keyword Succeeds" library="BuiltIn">
<arg>${TimeOut}</arg>
<arg>${Start}</arg>
<arg>wait until page contains element</arg>
<arg>${locator}</arg>
<doc>Runs the specified keyword and retries if it fails.</doc>
<kw name="Wait Until Page Contains Element" library="SeleniumLibrary">
<arg>${locator}</arg>
<doc>Waits until the element ``locator`` appears on the current page.</doc>
<status status="PASS" starttime="20220713 18:23:53.698" endtime="20220713 18:23:53.704"/>
</kw>
<status status="PASS" starttime="20220713 18:23:53.697" endtime="20220713 18:23:53.704"/>
</kw>
<status status="PASS" starttime="20220713 18:23:53.645" endtime="20220713 18:23:53.704"/>
</kw>
<kw name="Wait Until Keyword Succeeds" library="BuiltIn">
<arg>${TimeOut}</arg>
<arg>${Start}</arg>
<arg>click element</arg>
<arg>${locator}</arg>
<doc>Runs the specified keyword and retries if it fails.</doc>
<kw name="Click Element" library="SeleniumLibrary">
<arg>${locator}</arg>
<doc>Click the element identified by ``locator``.</doc>
<msg timestamp="20220713 18:23:53.705" level="INFO">Clicking element '//input[@id='addressLine11_1']'.</msg>
<status status="PASS" starttime="20220713 18:23:53.705" endtime="20220713 18:23:53.745"/>
</kw>
<status status="PASS" starttime="20220713 18:23:53.704" endtime="20220713 18:23:53.745"/>
</kw>
<status status="PASS" starttime="20220713 18:23:53.644" endtime="20220713 18:23:53.745"/>
</kw>
<kw name="Run Keyword If" library="BuiltIn">
<arg>'${value}' == 'nan'</arg>
<arg>Log To Console</arg>
<arg>NANACONDITION</arg>
<arg>ELSE IF</arg>
<arg>'${value}' == 'BLANK'</arg>
<arg>Wait Until Keyword Succeeds</arg>
<arg>${TimeOut}</arg>
<arg>${Start}</arg>
<arg>input text</arg>
<arg>${locator}</arg>
<arg>\</arg>
<arg>ELSE</arg>
<arg>Wait Until Keyword Succeeds</arg>
<arg>${TimeOut}</arg>
<arg>${Start}</arg>
<arg>input text</arg>
<arg>${locator}</arg>
<arg>${value}</arg>
<doc>Runs the given keyword with the given arguments, if ``condition`` is true.</doc>
<kw name="Wait Until Keyword Succeeds" library="BuiltIn">
<arg>${TimeOut}</arg>
<arg>${Start}</arg>
<arg>input text</arg>
<arg>${locator}</arg>
<arg>${value}</arg>
<doc>Runs the specified keyword and retries if it fails.</doc>
<kw name="Input Text" library="SeleniumLibrary">
<arg>${locator}</arg>
<arg>${value}</arg>
<doc>Types the given ``text`` into the text field identified by ``locator``.</doc>
<msg timestamp="20220713 18:23:53.747" level="INFO">Typing text '22' into text field '//input[@id='addressLine11_1']'.</msg>
<status status="PASS" starttime="20220713 18:23:53.746" endtime="20220713 18:23:53.812"/>
</kw>
<status status="PASS" starttime="20220713 18:23:53.746" endtime="20220713 18:23:53.812"/>
</kw>
<status status="PASS" starttime="20220713 18:23:53.746" endtime="20220713 18:23:53.812"/>
</kw>
<status status="PASS" starttime="20220713 18:23:53.644" endtime="20220713 18:23:53.812"/>
</kw>
<kw name="Set Input" library="Common">
<arg>${ProfileDetailsPage}[Residential_AddressComment]</arg>
<arg>${Comment}</arg>
<kw name="Click Item" library="Common">
<arg>${locator}</arg>
<kw name="Verify elements is visible and displayed" library="Common">
<arg>${locator}</arg>
<doc>Keyword to verify locator is enabled and visibled on a page.</doc>
<kw name="Wait Until Element Is Enabled" library="SeleniumLibrary">
<arg>${locator}</arg>
<arg>timeout=60</arg>
<doc>Waits until the element ``locator`` is enabled.</doc>
<status status="PASS" starttime="20220713 18:23:53.813" endtime="20220713 18:23:53.841"/>
</kw>
<kw name="Wait Until Element Is Visible" library="SeleniumLibrary">
<arg>${locator}</arg>
<arg>timeout=60</arg>
<doc>Waits until the element ``locator`` is visible.</doc>
<status status="PASS" starttime="20220713 18:23:53.841" endtime="20220713 18:23:53.859"/>
</kw>
<kw name="Page Should Contain Element" library="SeleniumLibrary">
<arg>${locator}</arg>
<arg>timeout=60</arg>
<doc>Verifies that element ``locator`` is found on the current page.</doc>
<msg timestamp="20220713 18:23:53.866" level="INFO">Current page contains element '//textarea[@id='addressComment']'.</msg>
<status status="PASS" starttime="20220713 18:23:53.859" endtime="20220713 18:23:53.867"/>
</kw>
<kw name="Wait Until Keyword Succeeds" library="BuiltIn">
<arg>${TimeOut}</arg>
<arg>${Start}</arg>
<arg>wait until page contains element</arg>
<arg>${locator}</arg>
<doc>Runs the specified keyword and retries if it fails.</doc>
<kw name="Wait Until Page Contains Element" library="SeleniumLibrary">
<arg>${locator}</arg>
<doc>Waits until the element ``locator`` appears on the current page.</doc>
<status status="PASS" starttime="20220713 18:23:53.868" endtime="20220713 18:23:53.876"/>
</kw>
<status status="PASS" starttime="20220713 18:23:53.867" endtime="20220713 18:23:53.876"/>
</kw>
<status status="PASS" starttime="20220713 18:23:53.813" endtime="20220713 18:23:53.876"/>
</kw>
<kw name="Wait Until Keyword Succeeds" library="BuiltIn">
<arg>${TimeOut}</arg>
<arg>${Start}</arg>
<arg>click element</arg>
<arg>${locator}</arg>
<doc>Runs the specified keyword and retries if it fails.</doc>
<kw name="Click Element" library="SeleniumLibrary">
<arg>${locator}</arg>
<doc>Click the element identified by ``locator``.</doc>
<msg timestamp="20220713 18:23:53.877" level="INFO">Clicking element '//textarea[@id='addressComment']'.</msg>
<status status="PASS" starttime="20220713 18:23:53.877" endtime="20220713 18:23:53.923"/>
</kw>
<status status="PASS" starttime="20220713 18:23:53.877" endtime="20220713 18:23:53.923"/>
</kw>
<status status="PASS" starttime="20220713 18:23:53.813" endtime="20220713 18:23:53.924"/>
</kw>
<kw name="Run Keyword If" library="BuiltIn">
<arg>'${value}' == 'nan'</arg>
<arg>Log To Console</arg>
<arg>NANACONDITION</arg>
<arg>ELSE IF</arg>
<arg>'${value}' == 'BLANK'</arg>
<arg>Wait Until Keyword Succeeds</arg>
<arg>${TimeOut}</arg>
<arg>${Start}</arg>
<arg>input text</arg>
<arg>${locator}</arg>
<arg>\</arg>
<arg>ELSE</arg>
<arg>Wait Until Keyword Succeeds</arg>
<arg>${TimeOut}</arg>
<arg>${Start}</arg>
<arg>input text</arg>
<arg>${locator}</arg>
<arg>${value}</arg>
<doc>Runs the given keyword with the given arguments, if ``condition`` is true.</doc>
<kw name="Wait Until Keyword Succeeds" library="BuiltIn">
<arg>${TimeOut}</arg>
<arg>${Start}</arg>
<arg>input text</arg>
<arg>${locator}</arg>
<arg>${value}</arg>
<doc>Runs the specified keyword and retries if it fails.</doc>
<kw name="Input Text" library="SeleniumLibrary">
<arg>${locator}</arg>
<arg>${value}</arg>
<doc>Types the given ``text`` into the text field identified by ``locator``.</doc>
<msg timestamp="20220713 18:23:53.925" level="INFO">Typing text 'Edit22' into text field '//textarea[@id='addressComment']'.</msg>
<status status="PASS" starttime="20220713 18:23:53.925" endtime="20220713 18:23:53.985"/>
</kw>
<status status="PASS" starttime="20220713 18:23:53.925" endtime="20220713 18:23:53.985"/>
</kw>
<status status="PASS" starttime="20220713 18:23:53.924" endtime="20220713 18:23:53.985"/>
</kw>
<status status="PASS" starttime="20220713 18:23:53.812" endtime="20220713 18:23:53.985"/>
</kw>
<kw name="Click Item" library="Common">
<arg>${ProfileDetailsPage}[ResidentialAddressSubmit]</arg>
<kw name="Verify elements is visible and displayed" library="Common">
<arg>${locator}</arg>
<doc>Keyword to verify locator is enabled and visibled on a page.</doc>
<kw name="Wait Until Element Is Enabled" library="SeleniumLibrary">
<arg>${locator}</arg>
<arg>timeout=60</arg>
<doc>Waits until the element ``locator`` is enabled.</doc>
<status status="PASS" starttime="20220713 18:23:53.986" endtime="20220713 18:23:54.014"/>
</kw>
<kw name="Wait Until Element Is Visible" library="SeleniumLibrary">
<arg>${locator}</arg>
<arg>timeout=60</arg>
<doc>Waits until the element ``locator`` is visible.</doc>
<status status="PASS" starttime="20220713 18:23:54.014" endtime="20220713 18:23:54.035"/>
</kw>
<kw name="Page Should Contain Element" library="SeleniumLibrary">
<arg>${locator}</arg>
<arg>timeout=60</arg>
<doc>Verifies that element ``locator`` is found on the current page.</doc>
<msg timestamp="20220713 18:23:54.042" level="INFO">Current page contains element '//button[text()='Submit']'.</msg>
<status status="PASS" starttime="20220713 18:23:54.035" endtime="20220713 18:23:54.042"/>
</kw>
<kw name="Wait Until Keyword Succeeds" library="BuiltIn">
<arg>${TimeOut}</arg>
<arg>${Start}</arg>
<arg>wait until page contains element</arg>
<arg>${locator}</arg>
<doc>Runs the specified keyword and retries if it fails.</doc>
<kw name="Wait Until Page Contains Element" library="SeleniumLibrary">
<arg>${locator}</arg>
<doc>Waits until the element ``locator`` appears on the current page.</doc>
<status status="PASS" starttime="20220713 18:23:54.043" endtime="20220713 18:23:54.049"/>
</kw>
<status status="PASS" starttime="20220713 18:23:54.042" endtime="20220713 18:23:54.049"/>
</kw>
<status status="PASS" starttime="20220713 18:23:53.986" endtime="20220713 18:23:54.049"/>
</kw>
<kw name="Wait Until Keyword Succeeds" library="BuiltIn">
<arg>${TimeOut}</arg>
<arg>${Start}</arg>
<arg>click element</arg>
<arg>${locator}</arg>
<doc>Runs the specified keyword and retries if it fails.</doc>
<kw name="Click Element" library="SeleniumLibrary">
<arg>${locator}</arg>
<doc>Click the element identified by ``locator``.</doc>
<msg timestamp="20220713 18:23:54.050" level="INFO">Clicking element '//button[text()='Submit']'.</msg>
<status status="PASS" starttime="20220713 18:23:54.050" endtime="20220713 18:23:54.218"/>
</kw>
<status status="PASS" starttime="20220713 18:23:54.049" endtime="20220713 18:23:54.218"/>
</kw>
<status status="PASS" starttime="20220713 18:23:53.985" endtime="20220713 18:23:54.219"/>
</kw>
<kw name="Go Back to Home Page" library="CRM_UI_Keywords">
<doc>To Navigate to Home screen of CRM UI</doc>
<kw name="Wait Until Keyword Succeeds" library="BuiltIn">
<arg>${TimeOut}</arg>
<arg>${Start}</arg>
<arg>click element</arg>
<arg>${HomePage}[HomeButton]</arg>
<doc>Runs the specified keyword and retries if it fails.</doc>
<kw name="Click Element" library="SeleniumLibrary">
<arg>${HomePage}[HomeButton]</arg>
<doc>Click the element identified by ``locator``.</doc>
<msg timestamp="20220713 18:23:54.220" level="INFO">Clicking element '//a//span[text()='Dashboard']'.</msg>
<msg timestamp="20220713 18:23:55.736" level="INFO" html="true">&lt;/td&gt;&lt;/tr&gt;&lt;tr&gt;&lt;td colspan="3"&gt;&lt;a href="selenium-screenshot-66.png"&gt;&lt;img src="selenium-screenshot-66.png" width="800px"&gt;&lt;/a&gt;</msg>
<msg timestamp="20220713 18:23:55.736" level="FAIL">ElementClickInterceptedException: Message: element click intercepted: Element &lt;span&gt;...&lt;/span&gt; is not clickable at point (81, 96). Other element would receive the click: &lt;div class="MuiBackdrop-root makeStyles-backdrop-1" aria-hidden="true" style="opacity: 1; transition: opacity 225ms cubic-bezier(0.4, 0, 0.2, 1) 0ms;"&gt;...&lt;/div&gt;
  (Session info: chrome=103.0.5060.66)
Stacktrace:
Backtrace:
	Ordinal0 [0x00916463+2188387]
	Ordinal0 [0x008AE461+1762401]
	Ordinal0 [0x007C3D78+802168]
	Ordinal0 [0x007F7F9B+1015707]
	Ordinal0 [0x007F5F68+1007464]
	Ordinal0 [0x007F3C6B+998507]
	Ordinal0 [0x007F29D9+993753]
	Ordinal0 [0x007E8613+951827]
	Ordinal0 [0x0080C7DC+1099740]
	Ordinal0 [0x007E7FF4+950260]
	Ordinal0 [0x0080C9F4+1100276]
	Ordinal0 [0x0081CC22+1166370]
	Ordinal0 [0x0080C5F6+1099254]
	Ordinal0 [0x007E6BE0+945120]
	Ordinal0 [0x007E7AD6+948950]
	GetHandleVerifier [0x00BB71F2+2712546]
	GetHandleVerifier [0x00BA886D+2652765]
	GetHandleVerifier [0x009A002A+520730]
[...]
</kw>
<kw name="Execute Javascript" library="SeleniumLibrary">
<var>${bool}</var>
<arg>var a = document.querySelectorAll('input[type=radio]');for(var i=0;i&lt;a.length;i++){if(a[i].checked==true &amp;&amp; a[i].nextSibling.innerHTML.trim() === '${locator_label}') return true; else return false;}</arg>
<doc>Executes the given JavaScript code with possible arguments.</doc>
<msg timestamp="20220713 18:25:14.680" level="INFO">Executing JavaScript:
var a = document.querySelectorAll('input[type=radio]');for(var i=0;i&lt;a.length;i++){if(a[i].checked==true &amp;&amp; a[i].nextSibling.innerHTML.trim() === 'Open') return true; else return false;}
Without any arguments.</msg>
<msg timestamp="20220713 18:25:14.687" level="INFO">${bool} = False</msg>
<status status="PASS" starttime="20220713 18:25:14.680" endtime="20220713 18:25:14.687"/>
</kw>
<kw name="Log To Console" library="BuiltIn">
<arg>------------------------</arg>
<doc>Logs the given message to the console.</doc>
<status status="PASS" starttime="20220713 18:25:14.687" endtime="20220713 18:25:14.688"/>
</kw>
<kw name="Log To Console" library="BuiltIn">
<arg>${bool}</arg>
<doc>Logs the given message to the console.</doc>
<status status="PASS" starttime="20220713 18:25:14.688" endtime="20220713 18:25:14.688"/>
</kw>
<kw name="Log To Console" library="BuiltIn">
<arg>------------------------</arg>
<doc>Logs the given message to the console.</doc>
<status status="PASS" starttime="20220713 18:25:14.688" endtime="20220713 18:25:14.689"/>
</kw>
<if>
<branch type="IF" condition="not ${bool}">
<kw name="Click Item" library="Common">
<arg>//label[text()='${locator_label}' and @md='10']</arg>
<kw name="Verify elements is visible and displayed" library="Common">
<arg>${locator}</arg>
<doc>Keyword to verify locator is enabled and visibled on a page.</doc>
<kw name="Wait Until Element Is Enabled" library="SeleniumLibrary">
<arg>${locator}</arg>
<arg>timeout=60</arg>
<doc>Waits until the element ``locator`` is enabled.</doc>
<status status="PASS" starttime="20220713 18:25:14.690" endtime="20220713 18:25:14.723"/>
</kw>
<kw name="Wait Until Element Is Visible" library="SeleniumLibrary">
<arg>${locator}</arg>
<arg>timeout=60</arg>
<doc>Waits until the element ``locator`` is visible.</doc>
<status status="PASS" starttime="20220713 18:25:14.724" endtime="20220713 18:25:14.742"/>
</kw>
<kw name="Page Should Contain Element" library="SeleniumLibrary">
<arg>${locator}</arg>
<arg>timeout=60</arg>
<doc>Verifies that element ``locator`` is found on the current page.</doc>
<msg timestamp="20220713 18:25:14.752" level="INFO">Current page contains element '//label[text()='Open' and @md='10']'.</msg>
<status status="PASS" starttime="20220713 18:25:14.742" endtime="20220713 18:25:14.752"/>
</kw>
<kw name="Wait Until Keyword Succeeds" library="BuiltIn">
<arg>${TimeOut}</arg>
<arg>${Start}</arg>
<arg>wait until page contains element</arg>
<arg>${locator}</arg>
<doc>Runs the specified keyword and retries if it fails.</doc>
<kw name="Wait Until Page Contains Element" library="SeleniumLibrary">
<arg>${locator}</arg>
<doc>Waits until the element ``locator`` appears on the current page.</doc>
<status status="PASS" starttime="20220713 18:25:14.753" endtime="20220713 18:25:14.762"/>
</kw>
<status status="PASS" starttime="20220713 18:25:14.752" endtime="20220713 18:25:14.762"/>
</kw>
<status status="PASS" starttime="20220713 18:25:14.689" endtime="20220713 18:25:14.762"/>
</kw>
<kw name="Wait Until Keyword Succeeds" library="BuiltIn">
<arg>${TimeOut}</arg>
<arg>${Start}</arg>
<arg>click element</arg>
<arg>${locator}</arg>
<doc>Runs the specified keyword and retries if it fails.</doc>
<kw name="Click Element" library="SeleniumLibrary">
<arg>${locator}</arg>
<doc>Click the element identified by ``locator``.</doc>
<msg timestamp="20220713 18:25:14.763" level="INFO">Clicking element '//label[text()='Open' and @md='10']'.</msg>
<status status="PASS" starttime="20220713 18:25:14.763" endtime="20220713 18:25:14.827"/>
</kw>
<status status="PASS" starttime="20220713 18:25:14.762" endtime="20220713 18:25:14.827"/>
</kw>
<status status="PASS" starttime="20220713 18:25:14.689" endtime="20220713 18:25:14.827"/>
</kw>
<status status="PASS" starttime="20220713 18:25:14.689" endtime="20220713 18:25:14.827"/>
</branch>
<status status="PASS" starttime="20220713 18:25:14.689" endtime="20220713 18:25:14.827"/>
</if>
<status status="PASS" starttime="20220713 18:25:14.562" endtime="20220713 18:25:14.827"/>
</kw>
<kw name="Set Dropdown" library="Common">
<arg>${ServiceDetailsPage}[ViewTicketPriorityDropdown]</arg>
<arg>${PRIORITY}</arg>
<kw name="Click Item" library="Common">
<arg>${dropdown}</arg>
<kw name="Verify elements is visible and displayed" library="Common">
<arg>${locator}</arg>
<doc>Keyword to verify locator is enabled and visibled on a page.</doc>
<kw name="Wait Until Element Is Enabled" library="SeleniumLibrary">
<arg>${locator}</arg>
<arg>timeout=60</arg>
<doc>Waits until the element ``locator`` is enabled.</doc>
<status status="PASS" starttime="20220713 18:25:14.829" endtime="20220713 18:25:14.856"/>
</kw>
<kw name="Wait Until Element Is Visible" library="SeleniumLibrary">
<arg>${locator}</arg>
<arg>timeout=60</arg>
<doc>Waits until the element ``locator`` is visible.</doc>
<status status="PASS" starttime="20220713 18:25:14.856" endtime="20220713 18:25:14.875"/>
</kw>
<kw name="Page Should Contain Element" library="SeleniumLibrary">
<arg>${locator}</arg>
<arg>timeout=60</arg>
<doc>Verifies that element ``locator`` is found on the current page.</doc>
<msg timestamp="20220713 18:25:14.882" level="INFO">Current page contains element '(//div[@class=' css-g1d714-ValueContainer'])[2]'.</msg>
<status status="PASS" starttime="20220713 18:25:14.875" endtime="20220713 18:25:14.882"/>
</kw>
<kw name="Wait Until Keyword Succeeds" library="BuiltIn">
<arg>${TimeOut}</arg>
<arg>${Start}</arg>
<arg>wait until page contains element</arg>
<arg>${locator}</arg>
<doc>Runs the specified keyword and retries if it fails.</doc>
<kw name="Wait Until Page Contains Element" library="SeleniumLibrary">
<arg>${locator}</arg>
<doc>Waits until the element ``locator`` appears on the current page.</doc>
<status status="PASS" starttime="20220713 18:25:14.883" endtime="20220713 18:25:14.889"/>
</kw>
<status status="PASS" starttime="20220713 18:25:14.882" endtime="20220713 18:25:14.889"/>
</kw>
<status status="PASS" starttime="20220713 18:25:14.828" endtime="20220713 18:25:14.889"/>
</kw>
<kw name="Wait Until Keyword Succeeds" library="BuiltIn">
<arg>${TimeOut}</arg>
<arg>${Start}</arg>
<arg>click element</arg>
<arg>${locator}</arg>
<doc>Runs the specified keyword and retries if it fails.</doc>
<kw name="Click Element" library="SeleniumLibrary">
<arg>${locator}</arg>
<doc>Click the element identified by ``locator``.</doc>
<msg timestamp="20220713 18:25:14.890" level="INFO">Clicking element '(//div[@class=' css-g1d714-ValueContainer'])[2]'.</msg>
<status status="PASS" starttime="20220713 18:25:14.890" endtime="20220713 18:25:14.955"/>
</kw>
<status status="PASS" starttime="20220713 18:25:14.889" endtime="20220713 18:25:14.955"/>
</kw>
<status status="PASS" starttime="20220713 18:25:14.828" endtime="20220713 18:25:14.955"/>
</kw>
<kw name="Execute Javascript" library="SeleniumLibrary">
<var>${bool}</var>
<arg>var a = document.querySelectorAll('input[type=radio]');for(var i=0;i&lt;a.length;i++){if(a[i].checked==true &amp;&amp; a[i].nextSibling.innerHTML.trim() === '${locator_label}') return true; else return false;}</arg>
<doc>Executes the given JavaScript code with possible arguments.</doc>
<msg timestamp="20220713 18:25:14.956" level="INFO">Executing JavaScript:
var a = document.querySelectorAll('input[type=radio]');for(var i=0;i&lt;a.length;i++){if(a[i].checked==true &amp;&amp; a[i].nextSibling.innerHTML.trim() === 'Medium') return true; else return false;}
Without any arguments.</msg>
<msg timestamp="20220713 18:25:14.963" level="INFO">${bool} = False</msg>
<status status="PASS" starttime="20220713 18:25:14.955" endtime="20220713 18:25:14.963"/>
</kw>
<kw name="Log To Console" library="BuiltIn">
<arg>------------------------</arg>
<doc>Logs the given message to the console.</doc>
<status status="PASS" starttime="20220713 18:25:14.963" endtime="20220713 18:25:14.964"/>
</kw>
<kw name="Log To Console" library="BuiltIn">
<arg>${bool}</arg>
<doc>Logs the given message to the console.</doc>
<status status="PASS" starttime="20220713 18:25:14.964" endtime="20220713 18:25:14.964"/>
</kw>
<kw name="Log To Console" library="BuiltIn">
<arg>------------------------</arg>
<doc>Logs the given message to the console.</doc>
<status status="PASS" starttime="20220713 18:25:14.964" endtime="20220713 18:25:14.965"/>
</kw>
<if>
<branch type="IF" condition="not ${bool}">
<kw name="Click Item" library="Common">
<arg>//label[text()='${locator_label}' and @md='10']</arg>
<kw name="Verify elements is visible and displayed" library="Common">
<arg>${locator}</arg>
<doc>Keyword to verify locator is enabled and visibled on a page.</doc>
<kw name="Wait Until Element Is Enabled" library="SeleniumLibrary">
<arg>${locator}</arg>
<arg>timeout=60</arg>
<doc>Waits until the element ``locator`` is enabled.</doc>
<status status="PASS" starttime="20220713 18:25:14.966" endtime="20220713 18:25:15.003"/>
</kw>
<kw name="Wait Until Element Is Visible" library="SeleniumLibrary">
<arg>${locator}</arg>
<arg>timeout=60</arg>
<doc>Waits until the element ``locator`` is visible.</doc>
<status status="PASS" starttime="20220713 18:25:15.003" endtime="20220713 18:25:15.021"/>
</kw>
<kw name="Page Should Contain Element" library="SeleniumLibrary">
<arg>${locator}</arg>
<arg>timeout=60</arg>
<doc>Verifies that element ``locator`` is found on the current page.</doc>
<msg timestamp="20220713 18:25:15.031" level="INFO">Current page contains element '//label[text()='Medium' and @md='10']'.</msg>
<status status="PASS" starttime="20220713 18:25:15.021" endtime="20220713 18:25:15.031"/>
</kw>
<kw name="Wait Until Keyword Succeeds" library="BuiltIn">
<arg>${TimeOut}</arg>
<arg>${Start}</arg>
<arg>wait until page contains element</arg>
<arg>${locator}</arg>
<doc>Runs the specified keyword and retries if it fails.</doc>
<kw name="Wait Until Page Contains Element" library="SeleniumLibrary">
<arg>${locator}</arg>
<doc>Waits until the element ``locator`` appears on the current page.</doc>
<status status="PASS" starttime="20220713 18:25:15.032" endtime="20220713 18:25:15.039"/>
</kw>
<status status="PASS" starttime="20220713 18:25:15.031" endtime="20220713 18:25:15.039"/>
</kw>
<status status="PASS" starttime="20220713 18:25:14.965" endtime="20220713 18:25:15.039"/>
</kw>
<kw name="Wait Until Keyword Succeeds" library="BuiltIn">
<arg>${TimeOut}</arg>
<arg>${Start}</arg>
<arg>click element</arg>
<arg>${locator}</arg>
<doc>Runs the specified keyword and retries if it fails.</doc>
<kw name="Click Element" library="SeleniumLibrary">
<arg>${locator}</arg>
<doc>Click the element identified by ``locator``.</doc>
<msg timestamp="20220713 18:25:15.040" level="INFO">Clicking element '//label[text()='Medium' and @md='10']'.</msg>
<status status="PASS" starttime="20220713 18:25:15.040" endtime="20220713 18:25:15.089"/>
</kw>
<status status="PASS" starttime="20220713 18:25:15.039" endtime="20220713 18:25:15.090"/>
</kw>
<status status="PASS" starttime="20220713 18:25:14.965" endtime="20220713 18:25:15.090"/>
</kw>
<status status="PASS" starttime="20220713 18:25:14.965" endtime="20220713 18:25:15.090"/>
</branch>
<status status="PASS" starttime="20220713 18:25:14.965" endtime="20220713 18:25:15.090"/>
</if>
<status status="PASS" starttime="20220713 18:25:14.827" endtime="20220713 18:25:15.090"/>
</kw>
<kw name="Click Item" library="Common">
<arg>${ServiceDetailsPage}[ViewTicketSearch]</arg>
<kw name="Verify elements is visible and displayed" library="Common">
<arg>${locator}</arg>
<doc>Keyword to verify locator is enabled and visibled on a page.</doc>
<kw name="Wait Until Element Is Enabled" library="SeleniumLibrary">
<arg>${locator}</arg>
<arg>timeout=60</arg>
<doc>Waits until the element ``locator`` is enabled.</doc>
<status status="PASS" starttime="20220713 18:25:15.091" endtime="20220713 18:25:15.121"/>
</kw>
<kw name="Wait Until Element Is Visible" library="SeleniumLibrary">
<arg>${locator}</arg>
<arg>timeout=60</arg>
<doc>Waits until the element ``locator`` is visible.</doc>
<status status="PASS" starttime="20220713 18:25:15.121" endtime="20220713 18:25:15.141"/>
</kw>
<kw name="Page Should Contain Element" library="SeleniumLibrary">
<arg>${locator}</arg>
<arg>timeout=60</arg>
<doc>Verifies that element ``locator`` is found on the current page.</doc>
<msg timestamp="20220713 18:25:15.148" level="INFO">Current page contains element '//button[text()='Search']'.</msg>
<status status="PASS" starttime="20220713 18:25:15.141" endtime="20220713 18:25:15.148"/>
</kw>
<kw name="Wait Until Keyword Succeeds" library="BuiltIn">
<arg>${TimeOut}</arg>
<arg>${Start}</arg>
<arg>wait until page contains element</arg>
<arg>${locator}</arg>
<doc>Runs the specified keyword and retries if it fails.</doc>
<kw name="Wait Until Page Contains Element" library="SeleniumLibrary">
<arg>${locator}</arg>
<doc>Waits until the element ``locator`` appears on the current page.</doc>
<status status="PASS" starttime="20220713 18:25:15.149" endtime="20220713 18:25:15.156"/>
</kw>
<status status="PASS" starttime="20220713 18:25:15.149" endtime="20220713 18:25:15.156"/>
</kw>
<status status="PASS" starttime="20220713 18:25:15.091" endtime="20220713 18:25:15.156"/>
</kw>
<kw name="Wait Until Keyword Succeeds" library="BuiltIn">
<arg>${TimeOut}</arg>
<arg>${Start}</arg>
<arg>click element</arg>
<arg>${locator}</arg>
<doc>Runs the specified keyword and retries if it fails.</doc>
<kw name="Click Element" library="SeleniumLibrary">
<arg>${locator}</arg>
<doc>Click the element identified by ``locator``.</doc>
<msg timestamp="20220713 18:25:15.157" level="INFO">Clicking element '//button[text()='Search']'.</msg>
<status status="PASS" starttime="20220713 18:25:15.157" endtime="20220713 18:25:15.443"/>
</kw>
<status status="PASS" starttime="20220713 18:25:15.156" endtime="20220713 18:25:15.443"/>
</kw>
<status status="PASS" starttime="20220713 18:25:15.090" endtime="20220713 18:25:15.443"/>
</kw>
<kw name="Verify elements is visible and displayed" library="Common">
<arg>//td[normalize-space()='${TICKET_ID}']</arg>
<doc>Keyword to verify locator is enabled and visibled on a page.</doc>
<kw name="Wait Until Element Is Enabled" library="SeleniumLibrary">
<arg>${locator}</arg>
<arg>timeout=60</arg>
<doc>Waits until the element ``locator`` is enabled.</doc>
<status status="PASS" starttime="20220713 18:25:15.444" endtime="20220713 18:25:15.480"/>
</kw>
<kw name="Wait Until Element Is Visible" library="SeleniumLibrary">
<arg>${locator}</arg>
<arg>timeout=60</arg>
<doc>Waits until the element ``locator`` is visible.</doc>
<status status="PASS" starttime="20220713 18:25:15.480" endtime="20220713 18:25:15.509"/>
</kw>
<kw name="Page Should Contain Element" library="SeleniumLibrary">
<arg>${locator}</arg>
<arg>timeout=60</arg>
<doc>Verifies that element ``locator`` is found on the current page.</doc>
<msg timestamp="20220713 18:25:15.525" level="INFO">Current page contains element '//td[normalize-space()='5787']'.</msg>
<status status="PASS" starttime="20220713 18:25:15.510" endtime="20220713 18:25:15.525"/>
</kw>
<kw name="Wait Until Keyword Succeeds" library="BuiltIn">
<arg>${TimeOut}</arg>
<arg>${Start}</arg>
<arg>wait until page contains element</arg>
<arg>${locator}</arg>
<doc>Runs the specified keyword and retries if it fails.</doc>
<kw name="Wait Until Page Contains Element" library="SeleniumLibrary">
<arg>${locator}</arg>
<doc>Waits until the element ``locator`` appears on the current page.</doc>
<status status="PASS" starttime="20220713 18:25:15.526" endtime="20220713 18:25:15.532"/>
</kw>
<status status="PASS" starttime="20220713 18:25:15.525" endtime="20220713 18:25:15.532"/>
</kw>
<status status="PASS" starttime="20220713 18:25:15.443" endtime="20220713 18:25:15.532"/>
</kw>
<kw name="Go Back to Home Page" library="CRM_UI_Keywords">
<doc>To Navigate to Home screen of CRM UI</doc>
<kw name="Wait Until Keyword Succeeds" library="BuiltIn">
<arg>${TimeOut}</arg>
<arg>${Start}</arg>
<arg>click element</arg>
<arg>${HomePage}[HomeButton]</arg>
<doc>Runs the specified keyword and retries if it fails.</doc>
<kw name="Click Element" library="SeleniumLibrary">
<arg>${HomePage}[HomeButton]</arg>
<doc>Click the element identified by ``locator``.</doc>
<msg timestamp="20220713 18:25:15.535" level="INFO">Clicking element '//a//span[text()='Dashboard']'.</msg>
<status status="PASS" starttime="20220713 18:25:15.534" endtime="20220713 18:25:16.374"/>
</kw>
<status status="PASS" starttime="20220713 18:25:15.533" endtime="20220713 18:25:16.374"/>
</kw>
<status status="PASS" starttime="20220713 18:25:15.532" endtime="20220713 18:25:16.374"/>
</kw>
<status status="PASS" starttime="20220713 18:25:05.859" endtime="20220713 18:25:16.374"/>
</kw>
<kw name="Execute Suite Teardown" library="Common" type="TEARDOWN">
<doc>Closes all open browsers and resets the browser cache.</doc>
<kw name="Run Keyword And Return Status" library="BuiltIn">
<var>${present}</var>
<arg>Variable Should Exist</arg>
<arg>${download directory}</arg>
<doc>Runs the given keyword with given arguments and returns the status as a Boolean value.</doc>
<kw name="Variable Should Exist" library="BuiltIn">
<arg>${download directory}</arg>
<doc>Fails unless the given variable exists within the current scope.</doc>
<msg timestamp="20220713 18:25:16.380" level="FAIL">Variable '${download directory}' does not exist.</msg>
<status status="FAIL" starttime="20220713 18:25:16.376" endtime="20220713 18:25:16.406"/>
</kw>
<msg timestamp="20220713 18:25:16.406" level="INFO">${present} = False</msg>
<status status="PASS" starttime="20220713 18:25:16.376" endtime="20220713 18:25:16.406"/>
</kw>
<if>
<branch type="IF" condition="${present}">
<kw name="Empty Directory" library="OperatingSystem">
<arg>${download directory}</arg>
<doc>Deletes all the content from the given directory.</doc>
<status status="NOT RUN" starttime="20220713 18:25:16.407" endtime="20220713 18:25:16.407"/>
</kw>
<kw name="Remove Directory" library="OperatingSystem">
<arg>${download directory}</arg>
<doc>Removes the directory pointed to by the given ``path``.</doc>
<status status="NOT RUN" starttime="20220713 18:25:16.407" endtime="20220713 18:25:16.407"/>
</kw>
<status status="NOT RUN" starttime="20220713 18:25:16.406" endtime="20220713 18:25:16.407"/>
</branch>
<status status="PASS" starttime="20220713 18:25:16.406" endtime="20220713 18:25:16.407"/>
</if>
<kw name="Close All Browsers" library="SeleniumLibrary">
<doc>Closes all open browsers and resets the browser cache.</doc>
<status status="PASS" starttime="20220713 18:25:16.407" endtime="20220713 18:25:18.637"/>
</kw>
<kw name="Print" library="Common">
<arg>finished =&gt; Execute Suite Teardown</arg>
<kw name="Log To Console" library="BuiltIn">
<arg>\n${message}</arg>
<doc>Logs the given message to the console.</doc>
<status status="PASS" starttime="20220713 18:25:18.640" endtime="20220713 18:25:18.641"/>
</kw>
<status status="PASS" starttime="20220713 18:25:18.638" endtime="20220713 18:25:18.642"/>
</kw>
<status status="PASS" starttime="20220713 18:25:16.375" endtime="20220713 18:25:18.643"/>
</kw>
<doc>Sample TestCase For Automation FrameWork</doc>
<status status="PASS" starttime="20220713 18:23:13.816" endtime="20220713 18:25:18.644"/>
</test>
<doc>Sample TestCase For Automation FrameWork</doc>
<status status="PASS" starttime="20220713 18:23:12.330" endtime="20220713 18:25:18.649"/>
</suite>
<statistics>
<total>
<stat pass="1" fail="0" skip="0">All Tests</stat>
</total>
<tag>
</tag>
<suite>
<stat pass="1" fail="0" skip="0" id="s1" name="CM 001">CM 001</stat>
</suite>
</statistics>
<errors>
</errors>
</robot>
